<?xml version="1.0" encoding="UTF-8"?>
<testsuite xmlns:xsi="http://www.w3.org/2001/XMLSchema-instance" xsi:noNamespaceSchemaLocation="https://maven.apache.org/surefire/maven-surefire-plugin/xsd/surefire-test-report-3.0.xsd" version="3.0" name="CreateOrderTest" time="3.07" tests="4" errors="0" skipped="0" failures="4">
  <properties>
[...]
</properties>
  <testcase name="OrderParametersTest[0]" classname="CreateOrderTest" time="0.775">
    <failure message="1 expectation failed.&#10;Expected status code &lt;200&gt; but was &lt;400&gt;.&#10;" type="java.lang.AssertionError"><![CDATA[java.lang.AssertionError: 
1 expectation failed.
Expected status code <200> but was <400>.

	at CreateOrderTest.OrderParametersTest(CreateOrderTest.java:36)
]]></failure>
    <system-out><![CDATA[Request method:	POST
Request URI:	http://qa-scooter.praktikum-services.ru/api/v1/orders
Proxy:			<none>
Request params:	<none>
Query params:	<none>
Form params:	<none>
Path params:	<none>
Headers:		Accept=*/*
				Content-Type=application/json
Cookies:		<none>
Multiparts:		<none>
Body:
{
    "firstName": "Naruto",
    "lastName": "Uchiha",
    "address": "Konoha, 142 apt.",
    "metroStation": "4",
    "phone": "+7 800 355 35 35",
    "rentTime": 5,
    "deliveryDate": "2020-06-06",
    "comment": "Saske, come back to Konoha",
    "color": null
}
HTTP/1.1 201 Created
Access-Control-Allow-Origin: *
Content-Length: 16
Content-Type: application/json; charset=utf-8
Date: Wed, 12 Oct 2022 10:42:40 GMT
ETag: W/"10-CQpwr1dl/AsYACa6dUAae6us5Ok"
Set-Cookie: _yasc=3ZFCGVxUi6aRenJlqY1qj9brEL/Kfrx/fLJzzZnAtm29wQ==; domain=.praktikum-services.ru; path=/; expires=Fri, 11-Nov-2022 10:42:40 GMT; secure
X-Powered-By: Express
X-Request-Id: 1665571360611265-2151391053421898600

{
    "track": 615934
}
Request method:	PUT
Request URI:	http://qa-scooter.praktikum-services.ru/api/v1/orders/cancel
Proxy:			<none>
Request params:	<none>
Query params:	<none>
Form params:	<none>
Path params:	<none>
Headers:		Accept=*/*
				Content-Type=application/json
Cookies:		<none>
Multiparts:		<none>
Body:
{
    "track": 615934
}
HTTP/1.1 400 Bad Request
Access-Control-Allow-Origin: *
Content-Length: 82
Content-Type: application/json; charset=utf-8
Date: Wed, 12 Oct 2022 10:42:40 GMT
ETag: W/"52-NEb1sihdUImnV9vUyVCvOlniC48"
Set-Cookie: _yasc=EGZw0PA9y8/OdqpcHsBwbRaT2vOtvSeSJIRDeQ1UtO7NVQ==; domain=.praktikum-services.ru; path=/; expires=Fri, 11-Nov-2022 10:42:40 GMT; secure
X-Powered-By: Express
X-Request-Id: 1665571360950195-6019879456106628672

{
    "code": 400,
    "message": "Недостаточно данных для поиска"
}
]]></system-out>
  </testcase>
  <testcase name="OrderParametersTest[1]" classname="CreateOrderTest" time="0.79">
    <failure message="1 expectation failed.&#10;Expected status code &lt;200&gt; but was &lt;400&gt;.&#10;" type="java.lang.AssertionError"><![CDATA[java.lang.AssertionError: 
1 expectation failed.
Expected status code <200> but was <400>.

	at CreateOrderTest.OrderParametersTest(CreateOrderTest.java:36)
]]></failure>
    <system-out><![CDATA[Request method:	POST
Request URI:	http://qa-scooter.praktikum-services.ru/api/v1/orders
Proxy:			<none>
Request params:	<none>
Query params:	<none>
Form params:	<none>
Path params:	<none>
Headers:		Accept=*/*
				Content-Type=application/json
Cookies:		<none>
Multiparts:		<none>
Body:
{
    "firstName": "Naruto",
    "lastName": "Uchiha",
    "address": "Konoha, 142 apt.",
    "metroStation": "4",
    "phone": "+7 800 355 35 35",
    "rentTime": 5,
    "deliveryDate": "2020-06-06",
    "comment": "Saske, come back to Konoha",
    "color": [
        "BLACK"
    ]
}
HTTP/1.1 201 Created
Access-Control-Allow-Origin: *
Content-Length: 16
Content-Type: application/json; charset=utf-8
Date: Wed, 12 Oct 2022 10:42:41 GMT
ETag: W/"10-yVap9B1rRLRbpCZcvZZ2vwCfZQw"
Set-Cookie: _yasc=SPdqjaOszGBxtiMFogzghKLy2TFh+f/gcXS85K9+oXkmgw==; domain=.praktikum-services.ru; path=/; expires=Fri, 11-Nov-2022 10:42:41 GMT; secure
X-Powered-By: Express
X-Request-Id: 1665571361450942-18016646256097070421

{
    "track": 240042
}
Request method:	PUT
Request URI:	http://qa-scooter.praktikum-services.ru/api/v1/orders/cancel
Proxy:			<none>
Request params:	<none>
Query params:	<none>
Form params:	<none>
Path params:	<none>
Headers:		Accept=*/*
				Content-Type=application/json
Cookies:		<none>
Multiparts:		<none>
Body:
{
    "track": 240042
}
HTTP/1.1 400 Bad Request
Access-Control-Allow-Origin: *
Content-Length: 82
Content-Type: application/json; charset=utf-8
Date: Wed, 12 Oct 2022 10:42:41 GMT
ETag: W/"52-NEb1sihdUImnV9vUyVCvOlniC48"
Set-Cookie: _yasc=TNtFJ8Zn5fqB+wCvf/UO1ovuWNlWyrAWa4FMrdgwNMy4Aw==; domain=.praktikum-services.ru; path=/; expires=Fri, 11-Nov-2022 10:42:41 GMT; secure
X-Powered-By: Express
X-Request-Id: 1665571361734537-7531743311680490513

{
    "code": 400,
    "message": "Недостаточно данных для поиска"
}
]]></system-out>
  </testcase>
  <testcase name="OrderParametersTest[2]" classname="CreateOrderTest" time="0.644">
    <failure message="1 expectation failed.&#10;Expected status code &lt;200&gt; but was &lt;400&gt;.&#10;" type="java.lang.AssertionError"><![CDATA[java.lang.AssertionError: 
1 expectation failed.
Expected status code <200> but was <400>.

	at CreateOrderTest.OrderParametersTest(CreateOrderTest.java:36)
]]></failure>
    <system-out><![CDATA[Request method:	POST
Request URI:	http://qa-scooter.praktikum-services.ru/api/v1/orders
Proxy:			<none>
Request params:	<none>
Query params:	<none>
Form params:	<none>
Path params:	<none>
Headers:		Accept=*/*
				Content-Type=application/json
Cookies:		<none>
Multiparts:		<none>
Body:
{
    "firstName": "Naruto",
    "lastName": "Uchiha",
    "address": "Konoha, 142 apt.",
    "metroStation": "4",
    "phone": "+7 800 355 35 35",
    "rentTime": 5,
    "deliveryDate": "2020-06-06",
    "comment": "Saske, come back to Konoha",
    "color": [
        "GREY"
    ]
}
HTTP/1.1 201 Created
Access-Control-Allow-Origin: *
Content-Length: 16
Content-Type: application/json; charset=utf-8
Date: Wed, 12 Oct 2022 10:42:42 GMT
ETag: W/"10-R9Zjy7ndmy1QEO9bL99+lL+hsZ8"
Set-Cookie: _yasc=hTiBOtQp4p1/BSTfnIIDuH1N3vPahV/DNbTr4QQqa7EGfA==; domain=.praktikum-services.ru; path=/; expires=Fri, 11-Nov-2022 10:42:42 GMT; secure
X-Powered-By: Express
X-Request-Id: 1665571362180713-5186199130974174130

{
    "track": 627954
}
Request method:	PUT
Request URI:	http://qa-scooter.praktikum-services.ru/api/v1/orders/cancel
Proxy:			<none>
Request params:	<none>
Query params:	<none>
Form params:	<none>
Path params:	<none>
Headers:		Accept=*/*
				Content-Type=application/json
Cookies:		<none>
Multiparts:		<none>
Body:
{
    "track": 627954
}
HTTP/1.1 400 Bad Request
Access-Control-Allow-Origin: *
Content-Length: 82
Content-Type: application/json; charset=utf-8
Date: Wed, 12 Oct 2022 10:42:42 GMT
ETag: W/"52-NEb1sihdUImnV9vUyVCvOlniC48"
Set-Cookie: _yasc=6qxULGVQBgzvQLYSMunqxGi4+COAmr5wS69NEz5o53na2Q==; domain=.praktikum-services.ru; path=/; expires=Fri, 11-Nov-2022 10:42:42 GMT; secure
X-Powered-By: Express
X-Request-Id: 1665571362557161-13848920621031227541

{
    "code": 400,
    "message": "Недостаточно данных для поиска"
}
]]></system-out>
  </testcase>
  <testcase name="OrderParametersTest[3]" classname="CreateOrderTest" time="0.85">
    <failure message="1 expectation failed.&#10;Expected status code &lt;200&gt; but was &lt;400&gt;.&#10;" type="java.lang.AssertionError"><![CDATA[java.lang.AssertionError: 
1 expectation failed.
Expected status code <200> but was <400>.

	at CreateOrderTest.OrderParametersTest(CreateOrderTest.java:36)
]]></failure>
    <system-out><![CDATA[Request method:	POST
Request URI:	http://qa-scooter.praktikum-services.ru/api/v1/orders
Proxy:			<none>
Request params:	<none>
Query params:	<none>
Form params:	<none>
Path params:	<none>
Headers:		Accept=*/*
				Content-Type=application/json
Cookies:		<none>
Multiparts:		<none>
Body:
{
    "firstName": "Naruto",
    "lastName": "Uchiha",
    "address": "Konoha, 142 apt.",
    "metroStation": "4",
    "phone": "+7 800 355 35 35",
    "rentTime": 5,
    "deliveryDate": "2020-06-06",
    "comment": "Saske, come back to Konoha",
    "color": [
        "BLACK",
        "GREY"
    ]
}
HTTP/1.1 201 Created
Access-Control-Allow-Origin: *
Content-Length: 16
Content-Type: application/json; charset=utf-8
Date: Wed, 12 Oct 2022 10:42:43 GMT
ETag: W/"10-Ljf5Q1jway7NjcTGQAHWCRaU+dI"
Set-Cookie: _yasc=zB1fM3wJF0Bs21Le0uymbZtuMUrhIR+KBy9xWa00xd0s3w==; domain=.praktikum-services.ru; path=/; expires=Fri, 11-Nov-2022 10:42:43 GMT; secure
X-Powered-By: Express
X-Request-Id: 1665571363008724-11213468544396145528

{
    "track": 447703
}
Request method:	PUT
Request URI:	http://qa-scooter.praktikum-services.ru/api/v1/orders/cancel
Proxy:			<none>
Request params:	<none>
Query params:	<none>
Form params:	<none>
Path params:	<none>
Headers:		Accept=*/*
				Content-Type=application/json
Cookies:		<none>
Multiparts:		<none>
Body:
{
    "track": 447703
}
HTTP/1.1 400 Bad Request
Access-Control-Allow-Origin: *
Content-Length: 82
Content-Type: application/json; charset=utf-8
Date: Wed, 12 Oct 2022 10:42:43 GMT
ETag: W/"52-NEb1sihdUImnV9vUyVCvOlniC48"
Set-Cookie: _yasc=pbaG6PgFWAS3pK8+9im/lS244+4k5FaEh11ZXU8qzHOjSA==; domain=.praktikum-services.ru; path=/; expires=Fri, 11-Nov-2022 10:42:43 GMT; secure
X-Powered-By: Express
X-Request-Id: 1665571363380420-14387250121679579084

{
    "code": 400,
    "message": "Недостаточно данных для поиска"
}
]]></system-out>
  </testcase>
</testsuite>