<?xml version="1.0" encoding="UTF-8"?>
<testsuite xmlns:xsi="http://www.w3.org/2001/XMLSchema-instance" xsi:noNamespaceSchemaLocation="https://maven.apache.org/surefire/maven-surefire-plugin/xsd/surefire-test-report-3.0.xsd" version="3.0" name="CreateCourierTest" time="13.472" tests="4" errors="0" skipped="0" failures="0">
  <properties>
[...]
</properties>
  <testcase name="createIdenticalCouriersTest" classname="CreateCourierTest" time="11.447">
    <system-out><![CDATA[Request method:	POST
Request URI:	http://qa-scooter.praktikum-services.ru/api/v1/courier
Proxy:			<none>
Request params:	<none>
Query params:	<none>
Form params:	<none>
Path params:	<none>
Headers:		Accept=*/*
				Content-Type=application/json
Cookies:		<none>
Multiparts:		<none>
Body:
{
    "login": "K2uzbcw",
    "password": "9840963",
    "firstName": "jkccqGa"
}
Request method:	POST
Request URI:	http://qa-scooter.praktikum-services.ru/api/v1/courier
Proxy:			<none>
Request params:	<none>
Query params:	<none>
Form params:	<none>
Path params:	<none>
Headers:		Accept=*/*
				Content-Type=application/json
Cookies:		<none>
Multiparts:		<none>
Body:
{
    "login": "K2uzbcw",
    "password": "9840963",
    "firstName": "jkccqGa"
}
HTTP/1.1 409 Conflict
Access-Control-Allow-Origin: *
Content-Length: 112
Content-Type: application/json; charset=utf-8
Date: Wed, 12 Oct 2022 10:42:35 GMT
ETag: W/"70-sLG1ZktNk+Ab3iaKUMwxkdL4FJo"
Set-Cookie: _yasc=6QaaS1lwJJFqa2djfqEUd7AWk1mAsfIvLpHfJUEnvZRJtA==; domain=.praktikum-services.ru; path=/; expires=Fri, 11-Nov-2022 10:42:35 GMT; secure
X-Powered-By: Express
X-Request-Id: 1665571355186874-6795798271704443565

{
    "code": 409,
    "message": "Этот логин уже используется. Попробуйте другой."
}
Request method:	POST
Request URI:	http://qa-scooter.praktikum-services.ru/api/v1/courier/login
Proxy:			<none>
Request params:	<none>
Query params:	<none>
Form params:	<none>
Path params:	<none>
Headers:		Accept=*/*
				Content-Type=application/json
Cookies:		<none>
Multiparts:		<none>
Body:
{
    "login": "K2uzbcw",
    "password": "9840963"
}
HTTP/1.1 200 OK
Access-Control-Allow-Origin: *
Content-Length: 13
Content-Type: application/json; charset=utf-8
Date: Wed, 12 Oct 2022 10:42:37 GMT
ETag: W/"d-kGNaW7C+j8nMP/VzsJrEtQ91cM4"
Set-Cookie: _yasc=KfSoCj28g6YTEcJPpIBHa9ArOBVGULd4viaktZp+AgKT7w==; domain=.praktikum-services.ru; path=/; expires=Fri, 11-Nov-2022 10:42:37 GMT; secure
X-Powered-By: Express
X-Request-Id: 1665571357647110-12298910072423526682

{
    "id": 112943
}
Request method:	DELETE
Request URI:	http://qa-scooter.praktikum-services.ru/api/v1/courier/112943
Proxy:			<none>
Request params:	<none>
Query params:	<none>
Form params:	<none>
Path params:	courierId=112943
Headers:		Accept=*/*
				Content-Type=application/json
Cookies:		<none>
Multiparts:		<none>
Body:			<none>
HTTP/1.1 200 OK
Access-Control-Allow-Origin: *
Content-Length: 11
Content-Type: application/json; charset=utf-8
Date: Wed, 12 Oct 2022 10:42:38 GMT
ETag: W/"b-Ai2R8hgEarLmHKwesT1qcY913ys"
Set-Cookie: _yasc=zvkyNLsEZOeAOM5hJCTXgjjASTg/Bq8gf45erp6WALxLKg==; domain=.praktikum-services.ru; path=/; expires=Fri, 11-Nov-2022 10:42:38 GMT; secure
X-Powered-By: Express
X-Request-Id: 1665571358150456-8885255665225516504

{
    "ok": true
}
]]></system-out>
    <system-err><![CDATA[SLF4J: Failed to load class "org.slf4j.impl.StaticLoggerBinder".
SLF4J: Defaulting to no-operation (NOP) logger implementation
SLF4J: See http://www.slf4j.org/codes.html#StaticLoggerBinder for further details.
]]></system-err>
  </testcase>
  <testcase name="createWithEmptyLoginTest" classname="CreateCourierTest" time="0.311">
    <system-out><![CDATA[Request method:	POST
Request URI:	http://qa-scooter.praktikum-services.ru/api/v1/courier
Proxy:			<none>
Request params:	<none>
Query params:	<none>
Form params:	<none>
Path params:	<none>
Headers:		Accept=*/*
				Content-Type=application/json
Cookies:		<none>
Multiparts:		<none>
Body:
{
    "login": "",
    "password": "UNbVo1y",
    "firstName": "LKHTJaY"
}
HTTP/1.1 400 Bad Request
Access-Control-Allow-Origin: *
Content-Length: 114
Content-Type: application/json; charset=utf-8
Date: Wed, 12 Oct 2022 10:42:38 GMT
ETag: W/"72-AUDx41VLe1HSztSRMybiiyHwcKY"
Set-Cookie: _yasc=C/QGVj1BzgPYQATSlUSKxx4/TFNdniO2qbJGTYb/rC/SKA==; domain=.praktikum-services.ru; path=/; expires=Fri, 11-Nov-2022 10:42:38 GMT; secure
X-Powered-By: Express
X-Request-Id: 1665571358777569-12580800439952679588

{
    "code": 400,
    "message": "Недостаточно данных для создания учетной записи"
}
]]></system-out>
  </testcase>
  <testcase name="createWithEmptyPasswordTest" classname="CreateCourierTest" time="0.4">
    <system-out><![CDATA[Request method:	POST
Request URI:	http://qa-scooter.praktikum-services.ru/api/v1/courier
Proxy:			<none>
Request params:	<none>
Query params:	<none>
Form params:	<none>
Path params:	<none>
Headers:		Accept=*/*
				Content-Type=application/json
Cookies:		<none>
Multiparts:		<none>
Body:
{
    "login": "wLeZNDu",
    "password": "",
    "firstName": "vYwyhZs"
}
HTTP/1.1 400 Bad Request
Access-Control-Allow-Origin: *
Content-Length: 114
Content-Type: application/json; charset=utf-8
Date: Wed, 12 Oct 2022 10:42:39 GMT
ETag: W/"72-AUDx41VLe1HSztSRMybiiyHwcKY"
Set-Cookie: _yasc=ZzJ+zOCT5xpks6mzQG/fF4cxt0kXmF9RLVz4/1oNe1NQsA==; domain=.praktikum-services.ru; path=/; expires=Fri, 11-Nov-2022 10:42:39 GMT; secure
X-Powered-By: Express
X-Request-Id: 1665571359083210-5863264637429857509

{
    "code": 400,
    "message": "Недостаточно данных для создания учетной записи"
}
]]></system-out>
  </testcase>
  <testcase name="createCourierTest" classname="CreateCourierTest" time="0.995">
    <system-out><![CDATA[Request method:	POST
Request URI:	http://qa-scooter.praktikum-services.ru/api/v1/courier
Proxy:			<none>
Request params:	<none>
Query params:	<none>
Form params:	<none>
Path params:	<none>
Headers:		Accept=*/*
				Content-Type=application/json
Cookies:		<none>
Multiparts:		<none>
Body:
{
    "login": "lKcGJzB",
    "password": "5597952",
    "firstName": "XkhuaHX"
}
HTTP/1.1 201 Created
Access-Control-Allow-Origin: *
Content-Length: 11
Content-Type: application/json; charset=utf-8
Date: Wed, 12 Oct 2022 10:42:39 GMT
ETag: W/"b-Ai2R8hgEarLmHKwesT1qcY913ys"
Set-Cookie: _yasc=t0c0RTURHJC6oiQYkY08RLwmzWm/Q0v23wifkSLM8RnS+Q==; domain=.praktikum-services.ru; path=/; expires=Fri, 11-Nov-2022 10:42:39 GMT; secure
X-Powered-By: Express
X-Request-Id: 1665571359485825-7266912141916932174

{
    "ok": true
}
Request method:	POST
Request URI:	http://qa-scooter.praktikum-services.ru/api/v1/courier/login
Proxy:			<none>
Request params:	<none>
Query params:	<none>
Form params:	<none>
Path params:	<none>
Headers:		Accept=*/*
				Content-Type=application/json
Cookies:		<none>
Multiparts:		<none>
Body:
{
    "login": "lKcGJzB",
    "password": "5597952"
}
HTTP/1.1 200 OK
Access-Control-Allow-Origin: *
Content-Length: 13
Content-Type: application/json; charset=utf-8
Date: Wed, 12 Oct 2022 10:42:39 GMT
ETag: W/"d-KJ/F0f7dffjHiCPHkHsU7lj15Rw"
Set-Cookie: _yasc=RRmy4XwK+PMXC2wSEMtzJh6CKzFlVlY9drDAGXszJ+bzow==; domain=.praktikum-services.ru; path=/; expires=Fri, 11-Nov-2022 10:42:39 GMT; secure
X-Powered-By: Express
X-Request-Id: 1665571359789344-1550926792721490642

{
    "id": 112944
}
Request method:	DELETE
Request URI:	http://qa-scooter.praktikum-services.ru/api/v1/courier/112944
Proxy:			<none>
Request params:	<none>
Query params:	<none>
Form params:	<none>
Path params:	courierId=112944
Headers:		Accept=*/*
				Content-Type=application/json
Cookies:		<none>
Multiparts:		<none>
Body:			<none>
HTTP/1.1 200 OK
Access-Control-Allow-Origin: *
Content-Length: 11
Content-Type: application/json; charset=utf-8
Date: Wed, 12 Oct 2022 10:42:40 GMT
ETag: W/"b-Ai2R8hgEarLmHKwesT1qcY913ys"
Set-Cookie: _yasc=uukRBXJwQyPgLH3fc/Dl/y5k9Q5eri2nVYdtyyEmBCjy5Q==; domain=.praktikum-services.ru; path=/; expires=Fri, 11-Nov-2022 10:42:40 GMT; secure
X-Powered-By: Express
X-Request-Id: 1665571360092337-7588446600385901328

{
    "ok": true
}
]]></system-out>
  </testcase>
</testsuite>