<?xml version="1.0" encoding="UTF-8"?>
<testsuite xmlns:xsi="http://www.w3.org/2001/XMLSchema-instance" xsi:noNamespaceSchemaLocation="https://maven.apache.org/surefire/maven-surefire-plugin/xsd/surefire-test-report-3.0.xsd" version="3.0" name="LoginCourierTest" time="5.557" tests="5" errors="0" skipped="0" failures="0">
  <properties>
[...]
</properties>
  <testcase name="loginWithWrongPasswordTest" classname="LoginCourierTest" time="0.914">
    <system-out><![CDATA[Request method:	POST
Request URI:	http://qa-scooter.praktikum-services.ru/api/v1/courier
Proxy:			<none>
Request params:	<none>
Query params:	<none>
Form params:	<none>
Path params:	<none>
Headers:		Accept=*/*
				Content-Type=application/json
Cookies:		<none>
Multiparts:		<none>
Body:
{
    "login": "VHgOHpQ",
    "password": "6584177",
    "firstName": "tmPRzCH"
}
HTTP/1.1 201 Created
Access-Control-Allow-Origin: *
Content-Length: 11
Content-Type: application/json; charset=utf-8
Date: Wed, 12 Oct 2022 10:42:47 GMT
ETag: W/"b-Ai2R8hgEarLmHKwesT1qcY913ys"
Set-Cookie: _yasc=QF73QxqfX6JzUkkYMxqKnXunfUICLedpRchjPjTE8x7K2Q==; domain=.praktikum-services.ru; path=/; expires=Fri, 11-Nov-2022 10:42:47 GMT; secure
X-Powered-By: Express
X-Request-Id: 1665571367487249-9640292013530477184

{
    "ok": true
}
Request method:	POST
Request URI:	http://qa-scooter.praktikum-services.ru/api/v1/courier/login
Proxy:			<none>
Request params:	<none>
Query params:	<none>
Form params:	<none>
Path params:	<none>
Headers:		Accept=*/*
				Content-Type=application/json
Cookies:		<none>
Multiparts:		<none>
Body:
{
    "login": "VHgOHpQ",
    "password": "6584177"
}
HTTP/1.1 200 OK
Access-Control-Allow-Origin: *
Content-Length: 13
Content-Type: application/json; charset=utf-8
Date: Wed, 12 Oct 2022 10:42:47 GMT
ETag: W/"d-RTgeIcEnhCKTXcOQ+L13TmgXwBQ"
Set-Cookie: _yasc=f69X7SHQ9Vnjf/LousVhPqQwc41l+dqNqnBZgz4gnnGFBg==; domain=.praktikum-services.ru; path=/; expires=Fri, 11-Nov-2022 10:42:47 GMT; secure
X-Powered-By: Express
X-Request-Id: 1665571367786613-12641618376722634473

{
    "id": 112946
}
Request method:	POST
Request URI:	http://qa-scooter.praktikum-services.ru/api/v1/courier/login
Proxy:			<none>
Request params:	<none>
Query params:	<none>
Form params:	<none>
Path params:	<none>
Headers:		Accept=*/*
				Content-Type=application/json
Cookies:		<none>
Multiparts:		<none>
Body:
{
    "login": "VHgOHpQ",
    "password": "-"
}
HTTP/1.1 404 Not Found
Access-Control-Allow-Origin: *
Content-Length: 72
Content-Type: application/json; charset=utf-8
Date: Wed, 12 Oct 2022 10:42:48 GMT
ETag: W/"48-SNOWaDub1LGYtleYI6ITphu8xIQ"
Set-Cookie: _yasc=yuZhOZHbfAtk+4S8KaVebqN8fl0zhs6rGablz5Ptgd1lKw==; domain=.praktikum-services.ru; path=/; expires=Fri, 11-Nov-2022 10:42:48 GMT; secure
X-Powered-By: Express
X-Request-Id: 1665571368126939-13213535987061023507

{
    "code": 404,
    "message": "Учетная запись не найдена"
}
Request method:	DELETE
Request URI:	http://qa-scooter.praktikum-services.ru/api/v1/courier/112946
Proxy:			<none>
Request params:	<none>
Query params:	<none>
Form params:	<none>
Path params:	courierId=112946
Headers:		Accept=*/*
				Content-Type=application/json
Cookies:		<none>
Multiparts:		<none>
Body:			<none>
HTTP/1.1 200 OK
Access-Control-Allow-Origin: *
Content-Length: 11
Content-Type: application/json; charset=utf-8
Date: Wed, 12 Oct 2022 10:42:48 GMT
ETag: W/"b-Ai2R8hgEarLmHKwesT1qcY913ys"
Set-Cookie: _yasc=eM/3LttJnor87QH6VvL8XMP1laygaoNrfY0DKUnYIyDcQA==; domain=.praktikum-services.ru; path=/; expires=Fri, 11-Nov-2022 10:42:48 GMT; secure
X-Powered-By: Express
X-Request-Id: 1665571368493418-10541114445193145360

{
    "ok": true
}
]]></system-out>
  </testcase>
  <testcase name="loginWithWrongLoginTest" classname="LoginCourierTest" time="1.288">
    <system-out><![CDATA[Request method:	POST
Request URI:	http://qa-scooter.praktikum-services.ru/api/v1/courier
Proxy:			<none>
Request params:	<none>
Query params:	<none>
Form params:	<none>
Path params:	<none>
Headers:		Accept=*/*
				Content-Type=application/json
Cookies:		<none>
Multiparts:		<none>
Body:
{
    "login": "Kms1y2x",
    "password": "4146910",
    "firstName": "ppsngie"
}
HTTP/1.1 201 Created
Access-Control-Allow-Origin: *
Content-Length: 11
Content-Type: application/json; charset=utf-8
Date: Wed, 12 Oct 2022 10:42:49 GMT
ETag: W/"b-Ai2R8hgEarLmHKwesT1qcY913ys"
Set-Cookie: _yasc=86kZAVIkS01RiQyk+ctar2hmXjZZO+kNlc0401pt3/wAQw==; domain=.praktikum-services.ru; path=/; expires=Fri, 11-Nov-2022 10:42:48 GMT; secure
X-Powered-By: Express
X-Request-Id: 1665571368927649-15228871758784023607

{
    "ok": true
}
Request method:	POST
Request URI:	http://qa-scooter.praktikum-services.ru/api/v1/courier/login
Proxy:			<none>
Request params:	<none>
Query params:	<none>
Form params:	<none>
Path params:	<none>
Headers:		Accept=*/*
				Content-Type=application/json
Cookies:		<none>
Multiparts:		<none>
Body:
{
    "login": "Kms1y2x",
    "password": "4146910"
}
HTTP/1.1 200 OK
Access-Control-Allow-Origin: *
Content-Length: 13
Content-Type: application/json; charset=utf-8
Date: Wed, 12 Oct 2022 10:42:49 GMT
ETag: W/"d-lS7unPVod//z05CP2wozWlrtg+Q"
Set-Cookie: _yasc=uvKoRMEfIJoLnxNtDjMzq7rVU3/eUXSLD0UR9WL8gGL1tQ==; domain=.praktikum-services.ru; path=/; expires=Fri, 11-Nov-2022 10:42:49 GMT; secure
X-Powered-By: Express
X-Request-Id: 1665571369325203-15141088901670383870

{
    "id": 112947
}
Request method:	POST
Request URI:	http://qa-scooter.praktikum-services.ru/api/v1/courier/login
Proxy:			<none>
Request params:	<none>
Query params:	<none>
Form params:	<none>
Path params:	<none>
Headers:		Accept=*/*
				Content-Type=application/json
Cookies:		<none>
Multiparts:		<none>
Body:
{
    "login": "-",
    "password": "4146910"
}
HTTP/1.1 404 Not Found
Access-Control-Allow-Origin: *
Content-Length: 72
Content-Type: application/json; charset=utf-8
Date: Wed, 12 Oct 2022 10:42:49 GMT
ETag: W/"48-SNOWaDub1LGYtleYI6ITphu8xIQ"
Set-Cookie: _yasc=Z0t6NYATklAODjI9OzFcPVDxdstO9AECdkxTrkiQCCW41g==; domain=.praktikum-services.ru; path=/; expires=Fri, 11-Nov-2022 10:42:49 GMT; secure
X-Powered-By: Express
X-Request-Id: 1665571369621624-17969344992209194571

{
    "code": 404,
    "message": "Учетная запись не найдена"
}
Request method:	DELETE
Request URI:	http://qa-scooter.praktikum-services.ru/api/v1/courier/112947
Proxy:			<none>
Request params:	<none>
Query params:	<none>
Form params:	<none>
Path params:	courierId=112947
Headers:		Accept=*/*
				Content-Type=application/json
Cookies:		<none>
Multiparts:		<none>
Body:			<none>
HTTP/1.1 200 OK
Access-Control-Allow-Origin: *
Content-Length: 11
Content-Type: application/json; charset=utf-8
Date: Wed, 12 Oct 2022 10:42:49 GMT
ETag: W/"b-Ai2R8hgEarLmHKwesT1qcY913ys"
Set-Cookie: _yasc=rMIPaBZnO7cgB4TylWTgC+twgBHAlVxr3kscrrVzy04EzQ==; domain=.praktikum-services.ru; path=/; expires=Fri, 11-Nov-2022 10:42:49 GMT; secure
X-Powered-By: Express
X-Request-Id: 1665571369914470-14967188981588064041

{
    "ok": true
}
]]></system-out>
  </testcase>
  <testcase name="loginWithEmptyPasswordTest" classname="LoginCourierTest" time="1.089">
    <system-out><![CDATA[Request method:	POST
Request URI:	http://qa-scooter.praktikum-services.ru/api/v1/courier
Proxy:			<none>
Request params:	<none>
Query params:	<none>
Form params:	<none>
Path params:	<none>
Headers:		Accept=*/*
				Content-Type=application/json
Cookies:		<none>
Multiparts:		<none>
Body:
{
    "login": "1hHxQ56",
    "password": "1274060",
    "firstName": "cxYISNa"
}
HTTP/1.1 201 Created
Access-Control-Allow-Origin: *
Content-Length: 11
Content-Type: application/json; charset=utf-8
Date: Wed, 12 Oct 2022 10:42:50 GMT
ETag: W/"b-Ai2R8hgEarLmHKwesT1qcY913ys"
Set-Cookie: _yasc=A4nGzVzRW53B/0b7s55kUfXojNJ/XKbLVpsEk339EPYYYg==; domain=.praktikum-services.ru; path=/; expires=Fri, 11-Nov-2022 10:42:50 GMT; secure
X-Powered-By: Express
X-Request-Id: 1665571370095187-12838706148771025081

{
    "ok": true
}
Request method:	POST
Request URI:	http://qa-scooter.praktikum-services.ru/api/v1/courier/login
Proxy:			<none>
Request params:	<none>
Query params:	<none>
Form params:	<none>
Path params:	<none>
Headers:		Accept=*/*
				Content-Type=application/json
Cookies:		<none>
Multiparts:		<none>
Body:
{
    "login": "1hHxQ56",
    "password": "1274060"
}
HTTP/1.1 200 OK
Access-Control-Allow-Origin: *
Content-Length: 13
Content-Type: application/json; charset=utf-8
Date: Wed, 12 Oct 2022 10:42:50 GMT
ETag: W/"d-i89m4GjSJB9aTOeBruAzzUe9Sig"
Set-Cookie: _yasc=HCxNHLkOx/ihrtIh+gk5e0kI9Hvvw+1REi0fhJ0J/5F54Q==; domain=.praktikum-services.ru; path=/; expires=Fri, 11-Nov-2022 10:42:50 GMT; secure
X-Powered-By: Express
X-Request-Id: 1665571370318414-10160001129714531489

{
    "id": 112948
}
Request method:	POST
Request URI:	http://qa-scooter.praktikum-services.ru/api/v1/courier/login
Proxy:			<none>
Request params:	<none>
Query params:	<none>
Form params:	<none>
Path params:	<none>
Headers:		Accept=*/*
				Content-Type=application/json
Cookies:		<none>
Multiparts:		<none>
Body:
{
    "login": "1hHxQ56",
    "password": ""
}
HTTP/1.1 400 Bad Request
Access-Control-Allow-Origin: *
Content-Length: 80
Content-Type: application/json; charset=utf-8
Date: Wed, 12 Oct 2022 10:42:50 GMT
ETag: W/"50-LwGSJxcCDIE8JNxAo8HI82cPc8A"
Set-Cookie: _yasc=cNPJQ9jI8e/FNNtehYcmABW8Rd42Ipj5MjdLgcKKd46geA==; domain=.praktikum-services.ru; path=/; expires=Fri, 11-Nov-2022 10:42:50 GMT; secure
X-Powered-By: Express
X-Request-Id: 1665571370641345-3127175037987201718

{
    "code": 400,
    "message": "Недостаточно данных для входа"
}
Request method:	DELETE
Request URI:	http://qa-scooter.praktikum-services.ru/api/v1/courier/112948
Proxy:			<none>
Request params:	<none>
Query params:	<none>
Form params:	<none>
Path params:	courierId=112948
Headers:		Accept=*/*
				Content-Type=application/json
Cookies:		<none>
Multiparts:		<none>
Body:			<none>
HTTP/1.1 200 OK
Access-Control-Allow-Origin: *
Content-Length: 11
Content-Type: application/json; charset=utf-8
Date: Wed, 12 Oct 2022 10:42:50 GMT
ETag: W/"b-Ai2R8hgEarLmHKwesT1qcY913ys"
Set-Cookie: _yasc=YAX//McxGXyKZFEAdrIksh6en45jdlNHapWTjO30hNzYYA==; domain=.praktikum-services.ru; path=/; expires=Fri, 11-Nov-2022 10:42:50 GMT; secure
X-Powered-By: Express
X-Request-Id: 1665571370916251-3411773856663336263

{
    "ok": true
}
]]></system-out>
  </testcase>
  <testcase name="loginCourierTest" classname="LoginCourierTest" time="0.929">
    <system-out><![CDATA[Request method:	POST
Request URI:	http://qa-scooter.praktikum-services.ru/api/v1/courier
Proxy:			<none>
Request params:	<none>
Query params:	<none>
Form params:	<none>
Path params:	<none>
Headers:		Accept=*/*
				Content-Type=application/json
Cookies:		<none>
Multiparts:		<none>
Body:
{
    "login": "Kpv2Gzu",
    "password": "7451152",
    "firstName": "eTSkNDV"
}
HTTP/1.1 201 Created
Access-Control-Allow-Origin: *
Content-Length: 11
Content-Type: application/json; charset=utf-8
Date: Wed, 12 Oct 2022 10:42:51 GMT
ETag: W/"b-Ai2R8hgEarLmHKwesT1qcY913ys"
Set-Cookie: _yasc=+PgNd7IRP0qtrUi3drJNZWDhs9J6CQm48FiyY/Jr29caFw==; domain=.praktikum-services.ru; path=/; expires=Fri, 11-Nov-2022 10:42:51 GMT; secure
X-Powered-By: Express
X-Request-Id: 1665571371181501-8066332046428595801

{
    "ok": true
}
Request method:	POST
Request URI:	http://qa-scooter.praktikum-services.ru/api/v1/courier/login
Proxy:			<none>
Request params:	<none>
Query params:	<none>
Form params:	<none>
Path params:	<none>
Headers:		Accept=*/*
				Content-Type=application/json
Cookies:		<none>
Multiparts:		<none>
Body:
{
    "login": "Kpv2Gzu",
    "password": "7451152"
}
HTTP/1.1 200 OK
Access-Control-Allow-Origin: *
Content-Length: 13
Content-Type: application/json; charset=utf-8
Date: Wed, 12 Oct 2022 10:42:51 GMT
ETag: W/"d-BlKPS+JoDRvpAkpGnWgmb6V0qIk"
Set-Cookie: _yasc=LfSjS+zrjGvLcIX4S6woaacR13XN0ls3xVhTpe4CKQczpQ==; domain=.praktikum-services.ru; path=/; expires=Fri, 11-Nov-2022 10:42:51 GMT; secure
X-Powered-By: Express
X-Request-Id: 1665571371411733-3325399367151273389

{
    "id": 112949
}
Request method:	DELETE
Request URI:	http://qa-scooter.praktikum-services.ru/api/v1/courier/112949
Proxy:			<none>
Request params:	<none>
Query params:	<none>
Form params:	<none>
Path params:	courierId=112949
Headers:		Accept=*/*
				Content-Type=application/json
Cookies:		<none>
Multiparts:		<none>
Body:			<none>
HTTP/1.1 200 OK
Access-Control-Allow-Origin: *
Content-Length: 11
Content-Type: application/json; charset=utf-8
Date: Wed, 12 Oct 2022 10:42:51 GMT
ETag: W/"b-Ai2R8hgEarLmHKwesT1qcY913ys"
Set-Cookie: _yasc=KQEKByPmoxIqk0jMFpicrNJNZKfSuFFWBshx1T3JHTQhpw==; domain=.praktikum-services.ru; path=/; expires=Fri, 11-Nov-2022 10:42:51 GMT; secure
X-Powered-By: Express
X-Request-Id: 1665571371768310-9588436163621944090

{
    "ok": true
}
]]></system-out>
  </testcase>
  <testcase name="loginWithEmptyLoginTest" classname="LoginCourierTest" time="1.336">
    <system-out><![CDATA[Request method:	POST
Request URI:	http://qa-scooter.praktikum-services.ru/api/v1/courier
Proxy:			<none>
Request params:	<none>
Query params:	<none>
Form params:	<none>
Path params:	<none>
Headers:		Accept=*/*
				Content-Type=application/json
Cookies:		<none>
Multiparts:		<none>
Body:
{
    "login": "IJSAr1R",
    "password": "8348843",
    "firstName": "fjOwXnq"
}
HTTP/1.1 201 Created
Access-Control-Allow-Origin: *
Content-Length: 11
Content-Type: application/json; charset=utf-8
Date: Wed, 12 Oct 2022 10:42:52 GMT
ETag: W/"b-Ai2R8hgEarLmHKwesT1qcY913ys"
Set-Cookie: _yasc=GP5FWaytKoZ08IEqlBjx4yzzMJFzPSrK5oF1I6A11mi3oQ==; domain=.praktikum-services.ru; path=/; expires=Fri, 11-Nov-2022 10:42:52 GMT; secure
X-Powered-By: Express
X-Request-Id: 1665571372191927-16888895433864206738

{
    "ok": true
}
Request method:	POST
Request URI:	http://qa-scooter.praktikum-services.ru/api/v1/courier/login
Proxy:			<none>
Request params:	<none>
Query params:	<none>
Form params:	<none>
Path params:	<none>
Headers:		Accept=*/*
				Content-Type=application/json
Cookies:		<none>
Multiparts:		<none>
Body:
{
    "login": "IJSAr1R",
    "password": "8348843"
}
HTTP/1.1 200 OK
Access-Control-Allow-Origin: *
Content-Length: 13
Content-Type: application/json; charset=utf-8
Date: Wed, 12 Oct 2022 10:42:52 GMT
ETag: W/"d-goKNvSAX0kvoSOFgKA0VP+Bl0tA"
Set-Cookie: _yasc=9AYpYYIjRLbarXeG09PAu6MWPFF4OLw2aC6y+VAe747EsA==; domain=.praktikum-services.ru; path=/; expires=Fri, 11-Nov-2022 10:42:52 GMT; secure
X-Powered-By: Express
X-Request-Id: 1665571372501533-5795134782007920603

{
    "id": 112950
}
Request method:	POST
Request URI:	http://qa-scooter.praktikum-services.ru/api/v1/courier/login
Proxy:			<none>
Request params:	<none>
Query params:	<none>
Form params:	<none>
Path params:	<none>
Headers:		Accept=*/*
				Content-Type=application/json
Cookies:		<none>
Multiparts:		<none>
Body:
{
    "login": "",
    "password": "8348843"
}
HTTP/1.1 400 Bad Request
Access-Control-Allow-Origin: *
Content-Length: 80
Content-Type: application/json; charset=utf-8
Date: Wed, 12 Oct 2022 10:42:52 GMT
ETag: W/"50-LwGSJxcCDIE8JNxAo8HI82cPc8A"
Set-Cookie: _yasc=IlW0a+OFAhsLMQa4mAl99+xM9AeOgmHIV2t6l5HNxayfYQ==; domain=.praktikum-services.ru; path=/; expires=Fri, 11-Nov-2022 10:42:52 GMT; secure
X-Powered-By: Express
X-Request-Id: 1665571372925577-9404909481434838166

{
    "code": 400,
    "message": "Недостаточно данных для входа"
}
Request method:	DELETE
Request URI:	http://qa-scooter.praktikum-services.ru/api/v1/courier/112950
Proxy:			<none>
Request params:	<none>
Query params:	<none>
Form params:	<none>
Path params:	courierId=112950
Headers:		Accept=*/*
				Content-Type=application/json
Cookies:		<none>
Multiparts:		<none>
Body:			<none>
HTTP/1.1 200 OK
Access-Control-Allow-Origin: *
Content-Length: 11
Content-Type: application/json; charset=utf-8
Date: Wed, 12 Oct 2022 10:42:53 GMT
ETag: W/"b-Ai2R8hgEarLmHKwesT1qcY913ys"
Set-Cookie: _yasc=XIWHHIbUJyVZnhXJyoqY2Uo/QDIt1ARknIyo7bRhyqgkJQ==; domain=.praktikum-services.ru; path=/; expires=Fri, 11-Nov-2022 10:42:53 GMT; secure
X-Powered-By: Express
X-Request-Id: 1665571373201916-14037823781286938444

{
    "ok": true
}
]]></system-out>
  </testcase>
</testsuite>