<?xml version="1.0" encoding="UTF-8"?>
<testsuite xmlns:xsi="http://www.w3.org/2001/XMLSchema-instance" xsi:noNamespaceSchemaLocation="https://maven.apache.org/surefire/maven-surefire-plugin/xsd/surefire-test-report-3.0.xsd" version="3.0" name="LoginCourierTest" time="3.911" tests="5" errors="0" skipped="0" failures="0">
  <properties>
[...]
</properties>
  <testcase name="loginWithWrongPasswordTest" classname="LoginCourierTest" time="0.467">
    <system-out><![CDATA[Request method:	POST
Request URI:	http://qa-scooter.praktikum-services.ru/api/v1/courier
Proxy:			<none>
Request params:	<none>
Query params:	<none>
Form params:	<none>
Path params:	<none>
Headers:		Accept=*/*
				Content-Type=application/json
Cookies:		<none>
Multiparts:		<none>
Body:
{
    "login": "Dcj5B8g",
    "password": "2492763",
    "firstName": "nhBBZop"
}
Request method:	POST
Request URI:	http://qa-scooter.praktikum-services.ru/api/v1/courier/login
Proxy:			<none>
Request params:	<none>
Query params:	<none>
Form params:	<none>
Path params:	<none>
Headers:		Accept=*/*
				Content-Type=application/json
Cookies:		<none>
Multiparts:		<none>
Body:
{
    "login": "Dcj5B8g",
    "password": "-"
}
Request method:	POST
Request URI:	http://qa-scooter.praktikum-services.ru/api/v1/courier/login
Proxy:			<none>
Request params:	<none>
Query params:	<none>
Form params:	<none>
Path params:	<none>
Headers:		Accept=*/*
				Content-Type=application/json
Cookies:		<none>
Multiparts:		<none>
Body:
{
    "login": "Dcj5B8g",
    "password": "2492763"
}
Request method:	DELETE
Request URI:	http://qa-scooter.praktikum-services.ru/api/v1/courier/116127
Proxy:			<none>
Request params:	<none>
Query params:	<none>
Form params:	<none>
Path params:	courierId=116127
Headers:		Accept=*/*
				Content-Type=application/json
Cookies:		<none>
Multiparts:		<none>
Body:			<none>
HTTP/1.1 200 OK
Access-Control-Allow-Origin: *
Content-Length: 11
Content-Type: application/json; charset=utf-8
Date: Thu, 20 Oct 2022 21:08:50 GMT
ETag: W/"b-Ai2R8hgEarLmHKwesT1qcY913ys"
Set-Cookie: _yasc=j6/y/1BVo1K3C4VuMQwTdZKyd4iWdR1Fsr4CkzgA/x56/cyD9JPUu02RlyUt; domain=.praktikum-services.ru; path=/; expires=Sun, 17-Oct-2032 21:08:49 GMT; secure
X-Powered-By: Express
X-Request-Id: 1666300129955713-2724603424831163508

{
    "ok": true
}
]]></system-out>
  </testcase>
  <testcase name="loginWithWrongLoginTest" classname="LoginCourierTest" time="0.83">
    <system-out><![CDATA[Request method:	POST
Request URI:	http://qa-scooter.praktikum-services.ru/api/v1/courier
Proxy:			<none>
Request params:	<none>
Query params:	<none>
Form params:	<none>
Path params:	<none>
Headers:		Accept=*/*
				Content-Type=application/json
Cookies:		<none>
Multiparts:		<none>
Body:
{
    "login": "PmEnU60",
    "password": "4906564",
    "firstName": "jYAYSYY"
}
Request method:	POST
Request URI:	http://qa-scooter.praktikum-services.ru/api/v1/courier/login
Proxy:			<none>
Request params:	<none>
Query params:	<none>
Form params:	<none>
Path params:	<none>
Headers:		Accept=*/*
				Content-Type=application/json
Cookies:		<none>
Multiparts:		<none>
Body:
{
    "login": "-",
    "password": "4906564"
}
Request method:	POST
Request URI:	http://qa-scooter.praktikum-services.ru/api/v1/courier/login
Proxy:			<none>
Request params:	<none>
Query params:	<none>
Form params:	<none>
Path params:	<none>
Headers:		Accept=*/*
				Content-Type=application/json
Cookies:		<none>
Multiparts:		<none>
Body:
{
    "login": "PmEnU60",
    "password": "4906564"
}
Request method:	DELETE
Request URI:	http://qa-scooter.praktikum-services.ru/api/v1/courier/116128
Proxy:			<none>
Request params:	<none>
Query params:	<none>
Form params:	<none>
Path params:	courierId=116128
Headers:		Accept=*/*
				Content-Type=application/json
Cookies:		<none>
Multiparts:		<none>
Body:			<none>
HTTP/1.1 200 OK
Access-Control-Allow-Origin: *
Content-Length: 11
Content-Type: application/json; charset=utf-8
Date: Thu, 20 Oct 2022 21:08:50 GMT
ETag: W/"b-Ai2R8hgEarLmHKwesT1qcY913ys"
Set-Cookie: _yasc=cka5ijHaKYIWRDL9l0ohJ6d0HYEnPPqo+Ig+dB5fJMvrkeGeH5m5tNUdGyQ=; domain=.praktikum-services.ru; path=/; expires=Sun, 17-Oct-2032 21:08:50 GMT; secure
X-Powered-By: Express
X-Request-Id: 1666300130805018-1690471520977907554

{
    "ok": true
}
]]></system-out>
  </testcase>
  <testcase name="loginWithEmptyPasswordTest" classname="LoginCourierTest" time="0.889">
    <system-out><![CDATA[Request method:	POST
Request URI:	http://qa-scooter.praktikum-services.ru/api/v1/courier
Proxy:			<none>
Request params:	<none>
Query params:	<none>
Form params:	<none>
Path params:	<none>
Headers:		Accept=*/*
				Content-Type=application/json
Cookies:		<none>
Multiparts:		<none>
Body:
{
    "login": "OkeSkeb",
    "password": "8224687",
    "firstName": "sNzxHwV"
}
Request method:	POST
Request URI:	http://qa-scooter.praktikum-services.ru/api/v1/courier/login
Proxy:			<none>
Request params:	<none>
Query params:	<none>
Form params:	<none>
Path params:	<none>
Headers:		Accept=*/*
				Content-Type=application/json
Cookies:		<none>
Multiparts:		<none>
Body:
{
    "login": "OkeSkeb",
    "password": ""
}
Request method:	POST
Request URI:	http://qa-scooter.praktikum-services.ru/api/v1/courier/login
Proxy:			<none>
Request params:	<none>
Query params:	<none>
Form params:	<none>
Path params:	<none>
Headers:		Accept=*/*
				Content-Type=application/json
Cookies:		<none>
Multiparts:		<none>
Body:
{
    "login": "OkeSkeb",
    "password": "8224687"
}
Request method:	DELETE
Request URI:	http://qa-scooter.praktikum-services.ru/api/v1/courier/116129
Proxy:			<none>
Request params:	<none>
Query params:	<none>
Form params:	<none>
Path params:	courierId=116129
Headers:		Accept=*/*
				Content-Type=application/json
Cookies:		<none>
Multiparts:		<none>
Body:			<none>
HTTP/1.1 200 OK
Access-Control-Allow-Origin: *
Content-Length: 11
Content-Type: application/json; charset=utf-8
Date: Thu, 20 Oct 2022 21:08:51 GMT
ETag: W/"b-Ai2R8hgEarLmHKwesT1qcY913ys"
Set-Cookie: _yasc=kCmf4HN5aJBZRyftIAIKqQ+OREAAJ1xmvrwE8O/PSHBmHfza96PuBgpm465G; domain=.praktikum-services.ru; path=/; expires=Sun, 17-Oct-2032 21:08:51 GMT; secure
X-Powered-By: Express
X-Request-Id: 1666300131672903-15109418378138573195

{
    "ok": true
}
]]></system-out>
  </testcase>
  <testcase name="loginCourierTest" classname="LoginCourierTest" time="0.875">
    <system-out><![CDATA[Request method:	POST
Request URI:	http://qa-scooter.praktikum-services.ru/api/v1/courier
Proxy:			<none>
Request params:	<none>
Query params:	<none>
Form params:	<none>
Path params:	<none>
Headers:		Accept=*/*
				Content-Type=application/json
Cookies:		<none>
Multiparts:		<none>
Body:
{
    "login": "QJo9b4O",
    "password": "8673946",
    "firstName": "pshwBHU"
}
Request method:	POST
Request URI:	http://qa-scooter.praktikum-services.ru/api/v1/courier/login
Proxy:			<none>
Request params:	<none>
Query params:	<none>
Form params:	<none>
Path params:	<none>
Headers:		Accept=*/*
				Content-Type=application/json
Cookies:		<none>
Multiparts:		<none>
Body:
{
    "login": "QJo9b4O",
    "password": "8673946"
}
Request method:	POST
Request URI:	http://qa-scooter.praktikum-services.ru/api/v1/courier/login
Proxy:			<none>
Request params:	<none>
Query params:	<none>
Form params:	<none>
Path params:	<none>
Headers:		Accept=*/*
				Content-Type=application/json
Cookies:		<none>
Multiparts:		<none>
Body:
{
    "login": "QJo9b4O",
    "password": "8673946"
}
Request method:	DELETE
Request URI:	http://qa-scooter.praktikum-services.ru/api/v1/courier/116130
Proxy:			<none>
Request params:	<none>
Query params:	<none>
Form params:	<none>
Path params:	courierId=116130
Headers:		Accept=*/*
				Content-Type=application/json
Cookies:		<none>
Multiparts:		<none>
Body:			<none>
HTTP/1.1 200 OK
Access-Control-Allow-Origin: *
Content-Length: 11
Content-Type: application/json; charset=utf-8
Date: Thu, 20 Oct 2022 21:08:52 GMT
ETag: W/"b-Ai2R8hgEarLmHKwesT1qcY913ys"
Set-Cookie: _yasc=iI87XCqQd+s7aYVtNshAQ/JX7VRoGCJI3a80KH0Frtwj6BrXjg2e4JmFtIdQ; domain=.praktikum-services.ru; path=/; expires=Sun, 17-Oct-2032 21:08:52 GMT; secure
X-Powered-By: Express
X-Request-Id: 1666300132524953-14025365009212303679

{
    "ok": true
}
]]></system-out>
  </testcase>
  <testcase name="loginWithEmptyLoginTest" classname="LoginCourierTest" time="0.849">
    <system-out><![CDATA[Request method:	POST
Request URI:	http://qa-scooter.praktikum-services.ru/api/v1/courier
Proxy:			<none>
Request params:	<none>
Query params:	<none>
Form params:	<none>
Path params:	<none>
Headers:		Accept=*/*
				Content-Type=application/json
Cookies:		<none>
Multiparts:		<none>
Body:
{
    "login": "vXczcZj",
    "password": "6702995",
    "firstName": "NqRmVXa"
}
Request method:	POST
Request URI:	http://qa-scooter.praktikum-services.ru/api/v1/courier/login
Proxy:			<none>
Request params:	<none>
Query params:	<none>
Form params:	<none>
Path params:	<none>
Headers:		Accept=*/*
				Content-Type=application/json
Cookies:		<none>
Multiparts:		<none>
Body:
{
    "login": "",
    "password": "6702995"
}
Request method:	POST
Request URI:	http://qa-scooter.praktikum-services.ru/api/v1/courier/login
Proxy:			<none>
Request params:	<none>
Query params:	<none>
Form params:	<none>
Path params:	<none>
Headers:		Accept=*/*
				Content-Type=application/json
Cookies:		<none>
Multiparts:		<none>
Body:
{
    "login": "vXczcZj",
    "password": "6702995"
}
Request method:	DELETE
Request URI:	http://qa-scooter.praktikum-services.ru/api/v1/courier/116131
Proxy:			<none>
Request params:	<none>
Query params:	<none>
Form params:	<none>
Path params:	courierId=116131
Headers:		Accept=*/*
				Content-Type=application/json
Cookies:		<none>
Multiparts:		<none>
Body:			<none>
HTTP/1.1 200 OK
Access-Control-Allow-Origin: *
Content-Length: 11
Content-Type: application/json; charset=utf-8
Date: Thu, 20 Oct 2022 21:08:53 GMT
ETag: W/"b-Ai2R8hgEarLmHKwesT1qcY913ys"
Set-Cookie: _yasc=93aj9Y5i3HbF0Ia4ZVOq+foJT3VQuKn+lAlYOD1HgZmm+80QHG9uQ3G/wOQ=; domain=.praktikum-services.ru; path=/; expires=Sun, 17-Oct-2032 21:08:53 GMT; secure
X-Powered-By: Express
X-Request-Id: 1666300133428624-1829596756798065596

{
    "ok": true
}
]]></system-out>
  </testcase>
</testsuite>