<?xml version="1.0" encoding="UTF-8"?>
<testsuite xmlns:xsi="http://www.w3.org/2001/XMLSchema-instance" xsi:noNamespaceSchemaLocation="https://maven.apache.org/surefire/maven-surefire-plugin/xsd/surefire-test-report-3.0.xsd" version="3.0" name="GetOrderTest" time="4.405" tests="1" errors="0" skipped="0" failures="0">
  <properties>
[...]
</properties>
  <testcase name="GetOrderTest" classname="GetOrderTest" time="4.405">
    <system-out><![CDATA[Request method:	GET
Request URI:	http://qa-scooter.praktikum-services.ru/api/v1/orders
Proxy:			<none>
Request params:	<none>
Query params:	<none>
Form params:	<none>
Path params:	<none>
Headers:		Accept=*/*
				Content-Type=application/json
Cookies:		<none>
Multiparts:		<none>
Body:			<none>
HTTP/1.1 200 OK
Access-Control-Allow-Origin: *
Content-Length: 25967
Content-Type: application/json; charset=utf-8
Date: Wed, 12 Oct 2022 10:30:01 GMT
ETag: W/"656f-xSHdM26DiwXxf1c8ssf0TuZGdy4"
Set-Cookie: _yasc=XW+Y6WP/AWqFsA9Z0gXHgqweXhxWnso1/aGoO4X1OVDcrA==; domain=.praktikum-services.ru; path=/; expires=Fri, 11-Nov-2022 10:29:58 GMT; secure
X-Powered-By: Express
X-Request-Id: 1665570598336243-1464229826297349450

{
    "orders": [
        {
            "id": 172,
            "courierId": null,
            "firstName": "уцр",
            "lastName": "цуер",
            "address": "Москва",
            "metroStation": "3",
            "phone": "12345612345",
            "rentTime": 3,
            "deliveryDate": "2021-09-07T18:00:00.000Z",
            "track": 985013,
            "color": [
                "BLACK"
            ],
            "comment": "е",
            "createdAt": "2021-09-29T18:34:53.104Z",
            "updatedAt": "2021-09-29T18:34:53.104Z",
            "status": 0
        },
        {
            "id": 138,
            "courierId": null,
            "firstName": "саса",
            "lastName": "саса",
            "address": "ссссссс",
            "metroStation": "4",
            "phone": "454545454545",
            "rentTime": 3,
            "deliveryDate": "2021-09-08T21:00:00.000Z",
            "track": 742374,
            "color": [
                "BLACK",
                "GREY"
            ],
            "comment": "пеемем",
            "createdAt": "2021-09-29T11:04:01.681Z",
            "updatedAt": "2021-09-29T11:04:01.681Z",
            "status": 0
        },
        {
            "id": 134,
            "courierId": null,
            "firstName": "упка",
            "lastName": "вапро",
            "address": "ампамамам",
            "metroStation": "2",
            "phone": "+79023118281",
            "rentTime": 4,
            "deliveryDate": "2021-09-15T21:00:00.000Z",
            "track": 294360,
            "color": [
                "BLACK"
            ],
            "comment": "eedede",
            "createdAt": "2021-09-29T10:40:49.327Z",
            "updatedAt": "2021-09-29T10:40:49.327Z",
            "status": 0
        },
        {
            "id": 93,
            "courierId": null,
            "firstName": "Анастас",
            "lastName": "Мэстер",
            "address": "Авеню Надежды, 2 дробь 5",
            "metroStation": "152",
            "phone": "89036001020",
            "rentTime": 4,
            "deliveryDate": "2021-09-28T21:00:00.000Z",
            "track": 96705,
            "color": [
                "GREY"
            ],
            "comment": "Домофон не работает, ждите когда кто-нибудь выйдет из падика",
            "createdAt": "2021-09-28T17:44:46.923Z",
            "updatedAt": "2021-09-28T17:44:46.923Z",
            "status": 0
        },
        {
            "id": 139,
            "courierId": null,
            "firstName": "цукер",
            "lastName": "макер",
            "address": "кмемем",
            "metroStation": "3",
            "phone": "45444454442",
            "rentTime": 4,
            "deliveryDate": "2021-09-28T21:00:00.000Z",
            "track": 943123,
            "color": [
                "BLACK"
            ],
            "comment": "dddd",
            "createdAt": "2021-09-29T11:16:41.404Z",
            "updatedAt": "2021-09-29T11:16:41.404Z",
            "status": 0
        },
        {
            "id": 154,
            "courierId": null,
            "firstName": "Юкка",
            "lastName": "Мукка",
            "address": "Москва",
            "metroStation": "4",
            "phone": "89269212000",
            "rentTime": 1,
            "deliveryDate": "2021-09-28T21:00:00.000Z",
            "track": 810401,
            "color": [
                "BLACK"
            ],
            "comment": "есть такой",
            "createdAt": "2021-09-29T13:36:07.573Z",
            "updatedAt": "2021-09-29T13:36:07.573Z",
            "status": 0
        },
        {
            "id": 169,
            "courierId": null,
            "firstName": "Александр",
            "lastName": "Поздняков",
            "address": "ул. Китай",
            "metroStation": "1",
            "phone": "+79010000000",
            "rentTime": 2,
            "deliveryDate": "2021-09-28T21:00:00.000Z",
            "track": 824366,
            "color": [
                "BLACK"
            ],
            "comment": "",
            "createdAt": "2021-09-29T17:35:14.733Z",
            "updatedAt": "2021-09-29T17:35:14.733Z",
            "status": 0
        },
        {
            "id": 150,
            "courierId": null,
            "firstName": "Дарья",
            "lastName": "Чибисова",
            "address": "Москва, 3-я Хорошевская д 21 корп 6 кв 26",
            "metroStation": "3",
            "phone": "+79153272225",
            "rentTime": 5,
            "deliveryDate": "2021-09-29T21:00:00.000Z",
            "track": 621334,
            "color": [
                
            ],
            "comment": "",
            "createdAt": "2021-09-29T13:07:00.961Z",
            "updatedAt": "2021-09-29T13:07:00.961Z",
            "status": 0
        },
        {
            "id": 162,
            "courierId": null,
            "firstName": "Дарья",
            "lastName": "Чибисова",
            "address": "Москва, 3-я Хорошевская д 21 корп 6 кв 26",
            "metroStation": "2",
            "phone": "+79153272225",
            "rentTime": 4,
            "deliveryDate": "2021-09-29T21:00:00.000Z",
            "track": 609532,
            "color": [
                
            ],
            "comment": "",
            "createdAt": "2021-09-29T14:30:40.661Z",
            "updatedAt": "2021-09-29T14:30:40.661Z",
            "status": 0
        },
        {
            "id": 166,
            "courierId": null,
            "firstName": "Дарья",
            "lastName": "Чибисова",
            "address": "Москва, 3-я Хорошевская д 21 корп 6 кв 26",
            "metroStation": "2",
            "phone": "+79153272225",
            "rentTime": 3,
            "deliveryDate": "2021-09-29T21:00:00.000Z",
            "track": 911308,
            "color": [
                "BLACK"
            ],
            "comment": "jjjjjj",
            "createdAt": "2021-09-29T16:30:47.092Z",
            "updatedAt": "2021-09-29T16:30:47.092Z",
            "status": 0
        },
        {
            "id": 144,
            "courierId": null,
            "firstName": "цйвуй",
            "lastName": "йцуйц",
            "address": "цйуйц",
            "metroStation": "3",
            "phone": "22222222222",
            "rentTime": 3,
            "deliveryDate": "2021-10-02T21:00:00.000Z",
            "track": 153218,
            "color": [
                
            ],
            "comment": "ывфвывывы",
            "createdAt": "2021-09-29T11:42:45.807Z",
            "updatedAt": "2021-09-29T11:42:45.807Z",
            "status": 0
        },
        {
            "id": 86,
            "courierId": null,
            "firstName": "Лиза",
            "lastName": "Тест",
            "address": "Московский проспект",
            "metroStation": "5",
            "phone": "+79560762465",
            "rentTime": 1,
            "deliveryDate": "2021-10-07T21:00:00.000Z",
            "track": 921156,
            "color": [
                
            ],
            "comment": "",
            "createdAt": "2021-09-28T17:10:03.143Z",
            "updatedAt": "2021-09-28T17:10:03.143Z",
            "status": 0
        },
        {
            "id": 102,
            "courierId": null,
            "firstName": "Лиза",
            "lastName": "Тест",
            "address": "Московский проспект",
            "metroStation": "5",
            "phone": "+79560762465",
            "rentTime": 1,
            "deliveryDate": "2021-10-07T21:00:00.000Z",
            "track": 978345,
            "color": [
                
            ],
            "comment": "",
            "createdAt": "2021-09-28T18:17:17.483Z",
            "updatedAt": "2021-09-28T18:17:17.483Z",
            "status": 0
        },
        {
            "id": 170,
            "courierId": null,
            "firstName": "Лиза",
            "lastName": "Тест",
            "address": "Московский проспект",
            "metroStation": "5",
            "phone": "+79560762465",
            "rentTime": 1,
            "deliveryDate": "2021-10-07T21:00:00.000Z",
            "track": 141341,
            "color": [
                "BLACK"
            ],
            "comment": "важный комментарий",
            "createdAt": "2021-09-29T18:30:13.783Z",
            "updatedAt": "2021-09-29T18:30:13.783Z",
            "status": 0
        },
        {
            "id": 171,
            "courierId": null,
            "firstName": "Лиза",
            "lastName": "Тест",
            "address": "Московский проспект",
            "metroStation": "5",
            "phone": "+79560762465",
            "rentTime": 1,
            "deliveryDate": "2021-10-07T21:00:00.000Z",
            "track": 861779,
            "color": [
                "BLACK"
            ],
            "comment": "важный комментарий",
            "createdAt": "2021-09-29T18:31:54.191Z",
            "updatedAt": "2021-09-29T18:31:54.191Z",
            "status": 0
        },
        {
            "id": 141,
            "courierId": null,
            "firstName": "Дарья",
            "lastName": "Чиби",
            "address": "Хорошово",
            "metroStation": "15",
            "phone": "89775826348",
            "rentTime": 1,
            "deliveryDate": "2021-10-16T21:00:00.000Z",
            "track": 222330,
            "color": [
                
            ],
            "comment": "плохо",
            "createdAt": "2021-09-29T11:34:50.832Z",
            "updatedAt": "2021-09-29T11:34:50.832Z",
            "status": 0
        },
        {
            "id": 156,
            "courierId": null,
            "firstName": "Дарья",
            "lastName": "Чиби",
            "address": "Хорошово",
            "metroStation": "15",
            "phone": "89775826348",
            "rentTime": 1,
            "deliveryDate": "2021-10-16T21:00:00.000Z",
            "track": 291401,
            "color": [
                
            ],
            "comment": "плохо",
            "createdAt": "2021-09-29T13:45:10.365Z",
            "updatedAt": "2021-09-29T13:45:10.365Z",
            "status": 0
        },
        {
            "id": 158,
            "courierId": null,
            "firstName": "Дарья",
            "lastName": "Чиби",
            "address": "Хорошово",
            "metroStation": "15",
            "phone": "89775826348",
            "rentTime": 1,
            "deliveryDate": "2021-10-16T21:00:00.000Z",
            "track": 323635,
            "color": [
                
            ],
            "comment": "плохо",
            "createdAt": "2021-09-29T14:00:02.840Z",
            "updatedAt": "2021-09-29T14:00:02.840Z",
            "status": 0
        },
        {
            "id": 159,
            "courierId": null,
            "firstName": "Дарья",
            "lastName": "Чиби",
            "address": "Хорошово",
            "metroStation": "15",
            "phone": "89775826348",
            "rentTime": 1,
            "deliveryDate": "2021-10-16T21:00:00.000Z",
            "track": 340743,
            "color": [
                
            ],
            "comment": "плохо",
            "createdAt": "2021-09-29T14:07:29.388Z",
            "updatedAt": "2021-09-29T14:07:29.388Z",
            "status": 0
        },
        {
            "id": 160,
            "courierId": null,
            "firstName": "Дарья",
            "lastName": "Чиби",
            "address": "Хорошово",
            "metroStation": "15",
            "phone": "89775826348",
            "rentTime": 1,
            "deliveryDate": "2021-10-16T21:00:00.000Z",
            "track": 497793,
            "color": [
                
            ],
            "comment": "плохо",
            "createdAt": "2021-09-29T14:23:25.339Z",
            "updatedAt": "2021-09-29T14:23:25.339Z",
            "status": 0
        },
        {
            "id": 161,
            "courierId": null,
            "firstName": "Дарья",
            "lastName": "Чиби",
            "address": "Хорошово",
            "metroStation": "2",
            "phone": "89775826348",
            "rentTime": 1,
            "deliveryDate": "2021-10-16T21:00:00.000Z",
            "track": 776907,
            "color": [
                
            ],
            "comment": "плохо",
            "createdAt": "2021-09-29T14:29:04.150Z",
            "updatedAt": "2021-09-29T14:29:04.150Z",
            "status": 0
        },
        {
            "id": 164,
            "courierId": null,
            "firstName": "Дарья",
            "lastName": "Чиби",
            "address": "Хорошово",
            "metroStation": "2",
            "phone": "89775826348",
            "rentTime": 1,
            "deliveryDate": "2021-10-16T21:00:00.000Z",
            "track": 274023,
            "color": [
                
            ],
            "comment": "плохо",
            "createdAt": "2021-09-29T14:46:18.084Z",
            "updatedAt": "2021-09-29T14:46:18.084Z",
            "status": 0
        },
        {
            "id": 168,
            "courierId": null,
            "firstName": "Дарья",
            "lastName": "Чиби",
            "address": "Хорошово",
            "metroStation": "2",
            "phone": "89775826348",
            "rentTime": 1,
            "deliveryDate": "2021-10-16T21:00:00.000Z",
            "track": 610968,
            "color": [
                
            ],
            "comment": "плохо",
            "createdAt": "2021-09-29T17:25:31.010Z",
            "updatedAt": "2021-09-29T17:25:31.010Z",
            "status": 0
        },
        {
            "id": 167,
            "courierId": null,
            "firstName": "Наталья",
            "lastName": "Амб",
            "address": "Хорошово",
            "metroStation": "2",
            "phone": "89775826877",
            "rentTime": 1,
            "deliveryDate": "2021-11-20T21:00:00.000Z",
            "track": 300709,
            "color": [
                
            ],
            "comment": "хорошо",
            "createdAt": "2021-09-29T17:24:57.747Z",
            "updatedAt": "2021-09-29T17:24:57.747Z",
            "status": 0
        },
        {
            "id": 149,
            "courierId": null,
            "firstName": "Вася",
            "lastName": "Пупкин",
            "address": "Москва 3я Строителей",
            "metroStation": "1",
            "phone": "+79023111111",
            "rentTime": 3,
            "deliveryDate": "2021-12-29T23:00:00.000Z",
            "track": 565202,
            "color": [
                "BLACK"
            ],
            "comment": "Комментарий для курьера",
            "createdAt": "2021-09-29T13:00:08.162Z",
            "updatedAt": "2021-09-29T13:00:08.162Z",
            "status": 0
        },
        {
            "id": 119,
            "courierId": null,
            "firstName": "Самокат",
            "lastName": "Самокатович",
            "address": "",
            "metroStation": "1",
            "phone": "+79876543210",
            "rentTime": 1,
            "deliveryDate": "2021-12-31T21:00:00.000Z",
            "track": 298482,
            "color": [
                
            ],
            "comment": "",
            "createdAt": "2021-09-29T09:30:08.830Z",
            "updatedAt": "2021-09-29T09:30:08.830Z",
            "status": 0
        },
        {
            "id": 125,
            "courierId": null,
            "firstName": "Самокат",
            "lastName": "Самокатович",
            "address": "Москва",
            "metroStation": "1",
            "phone": "+79876543210",
            "rentTime": 1,
            "deliveryDate": "2021-12-31T21:00:00.000Z",
            "track": 808296,
            "color": [
                "BLACK"
            ],
            "comment": "Можешь не спешить",
            "createdAt": "2021-09-29T10:10:32.556Z",
            "updatedAt": "2021-09-29T10:10:32.556Z",
            "status": 0
        },
        {
            "id": 132,
            "courierId": null,
            "firstName": "Самокат",
            "lastName": "Самокатович",
            "address": "Москва",
            "metroStation": "1",
            "phone": "+79876543210",
            "rentTime": 1,
            "deliveryDate": "2021-12-31T21:00:00.000Z",
            "track": 480925,
            "color": [
                "BLACK"
            ],
            "comment": "Можешь не спешить",
            "createdAt": "2021-09-29T10:21:42.886Z",
            "updatedAt": "2021-09-29T10:21:42.886Z",
            "status": 0
        },
        {
            "id": 133,
            "courierId": null,
            "firstName": "Самокат",
            "lastName": "Самокатович",
            "address": "",
            "metroStation": "1",
            "phone": "+79876543210",
            "rentTime": 1,
            "deliveryDate": "2021-12-31T21:00:00.000Z",
            "track": 186198,
            "color": [
                
            ],
            "comment": "",
            "createdAt": "2021-09-29T10:21:48.327Z",
            "updatedAt": "2021-09-29T10:21:48.327Z",
            "status": 0
        },
        {
            "id": 81161,
            "courierId": null,
            "firstName": "Ян",
            "lastName": "Ли",
            "address": "Тверь",
            "metroStation": "237",
            "phone": "11111111111",
            "rentTime": 1,
            "deliveryDate": "2022-08-03T21:00:00.000Z",
            "track": 422522,
            "color": [
                "BLACK",
                "GREY"
            ],
            "comment": "",
            "createdAt": "2022-08-03T17:27:05.802Z",
            "updatedAt": "2022-08-03T17:27:05.802Z",
            "status": 0
        }
    ],
    "pageInfo": {
        "page": 0,
        "total": 80555,
        "limit": 30
    },
    "availableStations": [
        {
            "name": "Бульвар Рокоссовского",
            "number": "1",
            "color": "#D92B2C"
        },
        {
            "name": "Охотный Ряд",
            "number": "10",
            "color": "#D92B2C"
        },
        {
            "name": "Сухаревская",
            "number": "100",
            "color": "#F07025"
        },
        {
            "name": "Тургеневская",
            "number": "101",
            "color": "#F07025"
        },
        {
            "name": "Китай-город",
            "number": "102",
            "color": "#F07025"
        },
        {
            "name": "Третьяковская",
            "number": "103",
            "color": "#F07025"
        },
        {
            "name": "Октябрьская",
            "number": "104",
            "color": "#F07025"
        },
        {
            "name": "Шаболовская",
            "number": "105",
            "color": "#F07025"
        },
        {
            "name": "Ленинский проспект",
            "number": "106",
            "color": "#F07025"
        },
        {
            "name": "Академическая",
            "number": "107",
            "color": "#F07025"
        },
        {
            "name": "Профсоюзная",
            "number": "108",
            "color": "#F07025"
        },
        {
            "name": "Новые Черёмушки",
            "number": "109",
            "color": "#F07025"
        },
        {
            "name": "Библиотека имени Ленина",
            "number": "11",
            "color": "#D92B2C"
        },
        {
            "name": "Калужская",
            "number": "110",
            "color": "#F07025"
        },
        {
            "name": "Беляево",
            "number": "111",
            "color": "#F07025"
        },
        {
            "name": "Коньково",
            "number": "112",
            "color": "#F07025"
        },
        {
            "name": "Тёплый Стан",
            "number": "113",
            "color": "#F07025"
        },
        {
            "name": "Ясенево",
            "number": "114",
            "color": "#F07025"
        },
        {
            "name": "Новоясеневская",
            "number": "115",
            "color": "#F07025"
        },
        {
            "name": "Планерная",
            "number": "116",
            "color": "#89339E"
        },
        {
            "name": "Сходненская",
            "number": "117",
            "color": "#89339E"
        },
        {
            "name": "Тушинская",
            "number": "118",
            "color": "#89339E"
        },
        {
            "name": "Спартак",
            "number": "119",
            "color": "#89339E"
        },
        {
            "name": "Кропоткинская",
            "number": "12",
            "color": "#D92B2C"
        },
        {
            "name": "Щукинская",
            "number": "120",
            "color": "#89339E"
        },
        {
            "name": "Октябрьское поле",
            "number": "121",
            "color": "#89339E"
        },
        {
            "name": "Полежаевская",
            "number": "122",
            "color": "#89339E"
        },
        {
            "name": "Беговая",
            "number": "123",
            "color": "#89339E"
        },
        {
            "name": "Улица 1905 года",
            "number": "124",
            "color": "#89339E"
        },
        {
            "name": "Баррикадная",
            "number": "125",
            "color": "#89339E"
        },
        {
            "name": "Пушкинская",
            "number": "126",
            "color": "#89339E"
        },
        {
            "name": "Кузнецкий Мост",
            "number": "127",
            "color": "#89339E"
        },
        {
            "name": "Китай-город",
            "number": "128",
            "color": "#89339E"
        },
        {
            "name": "Таганская",
            "number": "129",
            "color": "#89339E"
        },
        {
            "name": "Парк культуры",
            "number": "13",
            "color": "#D92B2C"
        },
        {
            "name": "Пролетарская",
            "number": "130",
            "color": "#89339E"
        },
        {
            "name": "Волгоградский проспект",
            "number": "131",
            "color": "#89339E"
        },
        {
            "name": "Текстильщики",
            "number": "132",
            "color": "#89339E"
        },
        {
            "name": "Кузьминки",
            "number": "133",
            "color": "#89339E"
        },
        {
            "name": "Рязанский проспект",
            "number": "134",
            "color": "#89339E"
        },
        {
            "name": "Выхино",
            "number": "135",
            "color": "#89339E"
        },
        {
            "name": "Лермонтовский проспект",
            "number": "136",
            "color": "#89339E"
        },
        {
            "name": "Жулебино",
            "number": "137",
            "color": "#89339E"
        },
        {
            "name": "Котельники",
            "number": "138",
            "color": "#89339E"
        },
        {
            "name": "Раменки",
            "number": "139",
            "color": "#FBC81E"
        },
        {
            "name": "Фрунзенская",
            "number": "14",
            "color": "#D92B2C"
        },
        {
            "name": "Ломоносовский проспект",
            "number": "140",
            "color": "#FBC81E"
        },
        {
            "name": "Минская",
            "number": "141",
            "color": "#FBC81E"
        },
        {
            "name": "Парк Победы",
            "number": "142",
            "color": "#FBC81E"
        },
        {
            "name": "Деловой центр",
            "number": "143",
            "color": "#FBC81E"
        },
        {
            "name": "Третьяковская",
            "number": "144",
            "color": "#FBC81E"
        },
        {
            "name": "Марксистская",
            "number": "145",
            "color": "#FBC81E"
        },
        {
            "name": "Площадь Ильича",
            "number": "146",
            "color": "#FBC81E"
        },
        {
            "name": "Авиамоторная",
            "number": "147",
            "color": "#FBC81E"
        },
        {
            "name": "Шоссе Энтузиастов",
            "number": "148",
            "color": "#FBC81E"
        },
        {
            "name": "Перово",
            "number": "149",
            "color": "#FBC81E"
        },
        {
            "name": "Спортивная",
            "number": "15",
            "color": "#D92B2C"
        },
        {
            "name": "Новогиреево",
            "number": "150",
            "color": "#FBC81E"
        },
        {
            "name": "Новокосино",
            "number": "151",
            "color": "#FBC81E"
        },
        {
            "name": "Алтуфьево",
            "number": "152",
            "color": "#9F9F9F"
        },
        {
            "name": "Бибирево",
            "number": "153",
            "color": "#9F9F9F"
        },
        {
            "name": "Отрадное",
            "number": "154",
            "color": "#9F9F9F"
        },
        {
            "name": "Владыкино",
            "number": "155",
            "color": "#9F9F9F"
        },
        {
            "name": "Петровско-Разумовская",
            "number": "156",
            "color": "#9F9F9F"
        },
        {
            "name": "Тимирязевская",
            "number": "157",
            "color": "#9F9F9F"
        },
        {
            "name": "Дмитровская",
            "number": "158",
            "color": "#9F9F9F"
        },
        {
            "name": "Савёловская",
            "number": "159",
            "color": "#9F9F9F"
        },
        {
            "name": "Воробьёвы горы",
            "number": "16",
            "color": "#D92B2C"
        },
        {
            "name": "Менделеевская",
            "number": "160",
            "color": "#9F9F9F"
        },
        {
            "name": "Цветной бульвар",
            "number": "161",
            "color": "#9F9F9F"
        },
        {
            "name": "Чеховская",
            "number": "162",
            "color": "#9F9F9F"
        },
        {
            "name": "Боровицкая",
            "number": "163",
            "color": "#9F9F9F"
        },
        {
            "name": "Полянка",
            "number": "164",
            "color": "#9F9F9F"
        },
        {
            "name": "Серпуховская",
            "number": "165",
            "color": "#9F9F9F"
        },
        {
            "name": "Тульская",
            "number": "166",
            "color": "#9F9F9F"
        },
        {
            "name": "Нагатинская",
            "number": "167",
            "color": "#9F9F9F"
        },
        {
            "name": "Нагорная",
            "number": "168",
            "color": "#9F9F9F"
        },
        {
            "name": "Нахимовский проспект",
            "number": "169",
            "color": "#9F9F9F"
        },
        {
            "name": "Университет",
            "number": "17",
            "color": "#D92B2C"
        },
        {
            "name": "Севастопольская",
            "number": "170",
            "color": "#9F9F9F"
        },
        {
            "name": "Чертановская",
            "number": "171",
            "color": "#9F9F9F"
        },
        {
            "name": "Южная",
            "number": "172",
            "color": "#9F9F9F"
        },
        {
            "name": "Пражская",
            "number": "173",
            "color": "#9F9F9F"
        },
        {
            "name": "Улица Академика Янгеля",
            "number": "174",
            "color": "#9F9F9F"
        },
        {
            "name": "Аннино",
            "number": "175",
            "color": "#9F9F9F"
        },
        {
            "name": "Бульвар Дмитрия Донского",
            "number": "176",
            "color": "#9F9F9F"
        },
        {
            "name": "Петровско-Разумовская",
            "number": "177",
            "color": "#A8D92D"
        },
        {
            "name": "Фонвизинская",
            "number": "178",
            "color": "#A8D92D"
        },
        {
            "name": "Бутырская",
            "number": "179",
            "color": "#A8D92D"
        },
        {
            "name": "Проспект Вернадского",
            "number": "18",
            "color": "#D92B2C"
        },
        {
            "name": "Марьина роща",
            "number": "180",
            "color": "#A8D92D"
        },
        {
            "name": "Достоевская",
            "number": "181",
            "color": "#A8D92D"
        },
        {
            "name": "Трубная",
            "number": "182",
            "color": "#A8D92D"
        },
        {
            "name": "Сретенский бульвар",
            "number": "183",
            "color": "#A8D92D"
        },
        {
            "name": "Чкаловская",
            "number": "184",
            "color": "#A8D92D"
        },
        {
            "name": "Римская",
            "number": "185",
            "color": "#A8D92D"
        },
        {
            "name": "Крестьянская застава",
            "number": "186",
            "color": "#A8D92D"
        },
        {
            "name": "Дубровка",
            "number": "187",
            "color": "#A8D92D"
        },
        {
            "name": "Кожуховская",
            "number": "188",
            "color": "#A8D92D"
        },
        {
            "name": "Печатники",
            "number": "189",
            "color": "#A8D92D"
        },
        {
            "name": "Юго-Западная",
            "number": "19",
            "color": "#D92B2C"
        },
        {
            "name": "Волжская",
            "number": "190",
            "color": "#A8D92D"
        },
        {
            "name": "Люблино",
            "number": "191",
            "color": "#A8D92D"
        },
        {
            "name": "Братиславская",
            "number": "192",
            "color": "#A8D92D"
        },
        {
            "name": "Марьино",
            "number": "193",
            "color": "#A8D92D"
        },
        {
            "name": "Борисово",
            "number": "194",
            "color": "#A8D92D"
        },
        {
            "name": "Шипиловская",
            "number": "195",
            "color": "#A8D92D"
        },
        {
            "name": "Зябликово",
            "number": "196",
            "color": "#A8D92D"
        },
        {
            "name": "Каширская",
            "number": "197",
            "color": "#80D4C9"
        },
        {
            "name": "Варшавская",
            "number": "198",
            "color": "#80D4C9"
        },
        {
            "name": "Каховская",
            "number": "199",
            "color": "#80D4C9"
        },
        {
            "name": "Черкизовская",
            "number": "2",
            "color": "#D92B2C"
        },
        {
            "name": "Тропарёво",
            "number": "20",
            "color": "#D92B2C"
        },
        {
            "name": "Битцевский парк",
            "number": "200",
            "color": "#B0BFE7"
        },
        {
            "name": "Лесопарковая",
            "number": "201",
            "color": "#B0BFE7"
        },
        {
            "name": "Улица Старокачаловская",
            "number": "202",
            "color": "#B0BFE7"
        },
        {
            "name": "Улица Скобелевская",
            "number": "203",
            "color": "#B0BFE7"
        },
        {
            "name": "Бульвар Адмирала Ушакова",
            "number": "204",
            "color": "#B0BFE7"
        },
        {
            "name": "Улица Горчакова",
            "number": "205",
            "color": "#B0BFE7"
        },
        {
            "name": "Бунинская аллея",
            "number": "206",
            "color": "#B0BFE7"
        },
        {
            "name": "Окружная",
            "number": "207",
            "color": "#efadb5"
        },
        {
            "name": "Владыкино",
            "number": "208",
            "color": "#efadb5"
        },
        {
            "name": "Ботанический сад",
            "number": "209",
            "color": "#efadb5"
        },
        {
            "name": "Румянцево",
            "number": "21",
            "color": "#D92B2C"
        },
        {
            "name": "Ростокино",
            "number": "210",
            "color": "#efadb5"
        },
        {
            "name": "Белокаменная",
            "number": "211",
            "color": "#efadb5"
        },
        {
            "name": "Бульвар Рокоссовского",
            "number": "212",
            "color": "#efadb5"
        },
        {
            "name": "Локомотив",
            "number": "213",
            "color": "#efadb5"
        },
        {
            "name": "Измайлово",
            "number": "214",
            "color": "#efadb5"
        },
        {
            "name": "Соколиная Гора",
            "number": "215",
            "color": "#efadb5"
        },
        {
            "name": "Шоссе Энтузиастов",
            "number": "216",
            "color": "#efadb5"
        },
        {
            "name": "Андроновка",
            "number": "217",
            "color": "#efadb5"
        },
        {
            "name": "Нижегородская",
            "number": "218",
            "color": "#efadb5"
        },
        {
            "name": "Новохохловская",
            "number": "219",
            "color": "#efadb5"
        },
        {
            "name": "Саларьево",
            "number": "22",
            "color": "#D92B2C"
        },
        {
            "name": "Угрешская",
            "number": "220",
            "color": "#efadb5"
        },
        {
            "name": "Дубровка",
            "number": "221",
            "color": "#efadb5"
        },
        {
            "name": "Автозаводская",
            "number": "222",
            "color": "#efadb5"
        },
        {
            "name": "ЗИЛ",
            "number": "223",
            "color": "#efadb5"
        },
        {
            "name": "Верхние Котлы",
            "number": "224",
            "color": "#efadb5"
        },
        {
            "name": "Крымская",
            "number": "225",
            "color": "#efadb5"
        },
        {
            "name": "Площадь Гагарина",
            "number": "226",
            "color": "#efadb5"
        },
        {
            "name": "Лужники",
            "number": "227",
            "color": "#efadb5"
        },
        {
            "name": "Кутузовская",
            "number": "228",
            "color": "#efadb5"
        },
        {
            "name": "Деловой центр",
            "number": "229",
            "color": "#efadb5"
        },
        {
            "name": "Речной вокзал",
            "number": "23",
            "color": "#4DBE52"
        },
        {
            "name": "Шелепиха",
            "number": "230",
            "color": "#efadb5"
        },
        {
            "name": "Хорошёво",
            "number": "231",
            "color": "#efadb5"
        },
        {
            "name": "Зорге",
            "number": "232",
            "color": "#efadb5"
        },
        {
            "name": "Панфиловская",
            "number": "233",
            "color": "#efadb5"
        },
        {
            "name": "Стрешнево",
            "number": "234",
            "color": "#efadb5"
        },
        {
            "name": "Балтийская",
            "number": "235",
            "color": "#efadb5"
        },
        {
            "name": "Коптево",
            "number": "236",
            "color": "#efadb5"
        },
        {
            "name": "Лихоборы",
            "number": "237",
            "color": "#efadb5"
        },
        {
            "name": "Водный стадион",
            "number": "24",
            "color": "#4DBE52"
        },
        {
            "name": "Войковская",
            "number": "25",
            "color": "#4DBE52"
        },
        {
            "name": "Сокол",
            "number": "26",
            "color": "#4DBE52"
        },
        {
            "name": "Аэропорт",
            "number": "27",
            "color": "#4DBE52"
        },
        {
            "name": "Динамо",
            "number": "28",
            "color": "#4DBE52"
        },
        {
            "name": "Белорусская",
            "number": "29",
            "color": "#4DBE52"
        },
        {
            "name": "Преображенская площадь",
            "number": "3",
            "color": "#D92B2C"
        },
        {
            "name": "Маяковская",
            "number": "30",
            "color": "#4DBE52"
        },
        {
            "name": "Тверская",
            "number": "31",
            "color": "#4DBE52"
        },
        {
            "name": "Театральная",
            "number": "32",
            "color": "#4DBE52"
        },
        {
            "name": "Новокузнецкая",
            "number": "33",
            "color": "#4DBE52"
        },
        {
            "name": "Павелецкая",
            "number": "34",
            "color": "#4DBE52"
        },
        {
            "name": "Автозаводская",
            "number": "35",
            "color": "#4DBE52"
        },
        {
            "name": "Технопарк",
            "number": "36",
            "color": "#4DBE52"
        },
        {
            "name": "Коломенская",
            "number": "37",
            "color": "#4DBE52"
        },
        {
            "name": "Каширская",
            "number": "38",
            "color": "#4DBE52"
        },
        {
            "name": "Кантемировская",
            "number": "39",
            "color": "#4DBE52"
        },
        {
            "name": "Сокольники",
            "number": "4",
            "color": "#D92B2C"
        },
        {
            "name": "Царицыно",
            "number": "40",
            "color": "#4DBE52"
        },
        {
            "name": "Орехово",
            "number": "41",
            "color": "#4DBE52"
        },
        {
            "name": "Домодедовская",
            "number": "42",
            "color": "#4DBE52"
        },
        {
            "name": "Красногвардейская",
            "number": "43",
            "color": "#4DBE52"
        },
        {
            "name": "Алма-Атинская",
            "number": "44",
            "color": "#4DBE52"
        },
        {
            "name": "Пятницкое шоссе",
            "number": "45",
            "color": "#2C75C4"
        },
        {
            "name": "Митино",
            "number": "46",
            "color": "#2C75C4"
        },
        {
            "name": "Волоколамская",
            "number": "47",
            "color": "#2C75C4"
        },
        {
            "name": "Мякинино",
            "number": "48",
            "color": "#2C75C4"
        },
        {
            "name": "Строгино",
            "number": "49",
            "color": "#2C75C4"
        },
        {
            "name": "Красносельская",
            "number": "5",
            "color": "#D92B2C"
        },
        {
            "name": "Крылатское",
            "number": "50",
            "color": "#2C75C4"
        },
        {
            "name": "Молодёжная",
            "number": "51",
            "color": "#2C75C4"
        },
        {
            "name": "Кунцевская",
            "number": "52",
            "color": "#2C75C4"
        },
        {
            "name": "Славянский бульвар",
            "number": "53",
            "color": "#2C75C4"
        },
        {
            "name": "Парк Победы",
            "number": "54",
            "color": "#2C75C4"
        },
        {
            "name": "Киевская",
            "number": "55",
            "color": "#2C75C4"
        },
        {
            "name": "Смоленская",
            "number": "56",
            "color": "#2C75C4"
        },
        {
            "name": "Арбатская",
            "number": "57",
            "color": "#2C75C4"
        },
        {
            "name": "Площадь Революции",
            "number": "58",
            "color": "#2C75C4"
        },
        {
            "name": "Курская",
            "number": "59",
            "color": "#2C75C4"
        },
        {
            "name": "Комсомольская",
            "number": "6",
            "color": "#D92B2C"
        },
        {
            "name": "Бауманская",
            "number": "60",
            "color": "#2C75C4"
        },
        {
            "name": "Электрозаводская",
            "number": "61",
            "color": "#2C75C4"
        },
        {
            "name": "Семёновская",
            "number": "62",
            "color": "#2C75C4"
        },
        {
            "name": "Партизанская",
            "number": "63",
            "color": "#2C75C4"
        },
        {
            "name": "Измайловская",
            "number": "64",
            "color": "#2C75C4"
        },
        {
            "name": "Первомайская",
            "number": "65",
            "color": "#2C75C4"
        },
        {
            "name": "Щёлковская",
            "number": "66",
            "color": "#2C75C4"
        },
        {
            "name": "Кунцевская",
            "number": "67",
            "color": "#4DC6F4"
        },
        {
            "name": "Пионерская",
            "number": "68",
            "color": "#4DC6F4"
        },
        {
            "name": "Филёвский парк",
            "number": "69",
            "color": "#4DC6F4"
        },
        {
            "name": "Красные Ворота",
            "number": "7",
            "color": "#D92B2C"
        },
        {
            "name": "Багратионовская",
            "number": "70",
            "color": "#4DC6F4"
        },
        {
            "name": "Фили",
            "number": "71",
            "color": "#4DC6F4"
        },
        {
            "name": "Кутузовская",
            "number": "72",
            "color": "#4DC6F4"
        },
        {
            "name": "Студенческая",
            "number": "73",
            "color": "#4DC6F4"
        },
        {
            "name": "Международная",
            "number": "74",
            "color": "#4DC6F4"
        },
        {
            "name": "Выставочная",
            "number": "75",
            "color": "#4DC6F4"
        },
        {
            "name": "Киевская",
            "number": "76",
            "color": "#4DC6F4"
        },
        {
            "name": "Смоленская",
            "number": "77",
            "color": "#4DC6F4"
        },
        {
            "name": "Арбатская",
            "number": "78",
            "color": "#4DC6F4"
        },
        {
            "name": "Александровский сад",
            "number": "79",
            "color": "#4DC6F4"
        },
        {
            "name": "Чистые пруды",
            "number": "8",
            "color": "#D92B2C"
        },
        {
            "name": "Лубянка",
            "number": "9",
            "color": "#D92B2C"
        },
        {
            "name": "Медведково",
            "number": "92",
            "color": "#F07025"
        },
        {
            "name": "Бабушкинская",
            "number": "93",
            "color": "#F07025"
        },
        {
            "name": "Свиблово",
            "number": "94",
            "color": "#F07025"
        },
        {
            "name": "Ботанический сад",
            "number": "95",
            "color": "#F07025"
        },
        {
            "name": "ВДНХ",
            "number": "96",
            "color": "#F07025"
        },
        {
            "name": "Алексеевская",
            "number": "97",
            "color": "#F07025"
        },
        {
            "name": "Рижская",
            "number": "98",
            "color": "#F07025"
        },
        {
            "name": "Проспект Мира",
            "number": "99",
            "color": "#F07025"
        }
    ]
}
]]></system-out>
  </testcase>
</testsuite>