<?xml version="1.0" encoding="UTF-8"?>
<testsuite xmlns:xsi="http://www.w3.org/2001/XMLSchema-instance" xsi:noNamespaceSchemaLocation="https://maven.apache.org/surefire/maven-surefire-plugin/xsd/surefire-test-report-3.0.xsd" version="3.0" name="CreateCourierTest" time="17.681" tests="4" errors="0" skipped="0" failures="0">
  <properties>
[...]
</properties>
  <testcase name="createIdenticalCouriersTest" classname="CreateCourierTest" time="14.82">
    <system-out><![CDATA[Request method:	POST
Request URI:	http://qa-scooter.praktikum-services.ru/api/v1/courier
Proxy:			<none>
Request params:	<none>
Query params:	<none>
Form params:	<none>
Path params:	<none>
Headers:		Accept=*/*
				Content-Type=application/json
Cookies:		<none>
Multiparts:		<none>
Body:
{
    "login": "TyFWDSl",
    "password": "9803332",
    "firstName": "UeuBywS"
}
Request method:	POST
Request URI:	http://qa-scooter.praktikum-services.ru/api/v1/courier
Proxy:			<none>
Request params:	<none>
Query params:	<none>
Form params:	<none>
Path params:	<none>
Headers:		Accept=*/*
				Content-Type=application/json
Cookies:		<none>
Multiparts:		<none>
Body:
{
    "login": "TyFWDSl",
    "password": "9803332",
    "firstName": "UeuBywS"
}
HTTP/1.1 409 Conflict
Access-Control-Allow-Origin: *
Content-Length: 112
Content-Type: application/json; charset=utf-8
Date: Wed, 12 Oct 2022 10:29:47 GMT
ETag: W/"70-sLG1ZktNk+Ab3iaKUMwxkdL4FJo"
Set-Cookie: _yasc=32ZApjTxFzbxfRjlZXARKjgsGiPwfJdg4Z27R2Y/6KyjNg==; domain=.praktikum-services.ru; path=/; expires=Fri, 11-Nov-2022 10:29:47 GMT; secure
X-Powered-By: Express
X-Request-Id: 1665570587389347-4657415259524128807

{
    "code": 409,
    "message": "Этот логин уже используется. Попробуйте другой."
}
Request method:	POST
Request URI:	http://qa-scooter.praktikum-services.ru/api/v1/courier/login
Proxy:			<none>
Request params:	<none>
Query params:	<none>
Form params:	<none>
Path params:	<none>
Headers:		Accept=*/*
				Content-Type=application/json
Cookies:		<none>
Multiparts:		<none>
Body:
{
    "login": "TyFWDSl",
    "password": "9803332"
}
HTTP/1.1 200 OK
Access-Control-Allow-Origin: *
Content-Length: 13
Content-Type: application/json; charset=utf-8
Date: Wed, 12 Oct 2022 10:29:50 GMT
ETag: W/"d-EjK4eyPKC2krgH64X2BSdfL0Y5g"
Set-Cookie: _yasc=HrIyIZm1BO7OqcUQdWHE1ZG6CSWQF406W9HtRrizzTl7Cw==; domain=.praktikum-services.ru; path=/; expires=Fri, 11-Nov-2022 10:29:50 GMT; secure
X-Powered-By: Express
X-Request-Id: 1665570590872749-4801488712896434724

{
    "id": 112934
}
Request method:	DELETE
Request URI:	http://qa-scooter.praktikum-services.ru/api/v1/courier/112934
Proxy:			<none>
Request params:	<none>
Query params:	<none>
Form params:	<none>
Path params:	courierId=112934
Headers:		Accept=*/*
				Content-Type=application/json
Cookies:		<none>
Multiparts:		<none>
Body:			<none>
HTTP/1.1 200 OK
Access-Control-Allow-Origin: *
Content-Length: 11
Content-Type: application/json; charset=utf-8
Date: Wed, 12 Oct 2022 10:29:51 GMT
ETag: W/"b-Ai2R8hgEarLmHKwesT1qcY913ys"
Set-Cookie: _yasc=pybF0nEceJd3p6O+Kn1Y9UZEBV1up7ZAMETEpMYB3+pS0A==; domain=.praktikum-services.ru; path=/; expires=Fri, 11-Nov-2022 10:29:51 GMT; secure
X-Powered-By: Express
X-Request-Id: 1665570591386253-15881997370412683559

{
    "ok": true
}
]]></system-out>
    <system-err><![CDATA[SLF4J: Failed to load class "org.slf4j.impl.StaticLoggerBinder".
SLF4J: Defaulting to no-operation (NOP) logger implementation
SLF4J: See http://www.slf4j.org/codes.html#StaticLoggerBinder for further details.
]]></system-err>
  </testcase>
  <testcase name="createWithEmptyLoginTest" classname="CreateCourierTest" time="0.351">
    <system-out><![CDATA[Request method:	POST
Request URI:	http://qa-scooter.praktikum-services.ru/api/v1/courier
Proxy:			<none>
Request params:	<none>
Query params:	<none>
Form params:	<none>
Path params:	<none>
Headers:		Accept=*/*
				Content-Type=application/json
Cookies:		<none>
Multiparts:		<none>
Body:
{
    "login": "",
    "password": "rzPMr1n",
    "firstName": "hnfBuzw"
}
HTTP/1.1 400 Bad Request
Access-Control-Allow-Origin: *
Content-Length: 114
Content-Type: application/json; charset=utf-8
Date: Wed, 12 Oct 2022 10:29:52 GMT
ETag: W/"72-AUDx41VLe1HSztSRMybiiyHwcKY"
Set-Cookie: _yasc=JledhpaJ7guQYmurRLF8u7x0zksdPbcwVEkN8O8yiujbEA==; domain=.praktikum-services.ru; path=/; expires=Fri, 11-Nov-2022 10:29:52 GMT; secure
X-Powered-By: Express
X-Request-Id: 1665570592410409-18123250330195823651

{
    "code": 400,
    "message": "Недостаточно данных для создания учетной записи"
}
]]></system-out>
  </testcase>
  <testcase name="createWithEmptyPasswordTest" classname="CreateCourierTest" time="0.414">
    <system-out><![CDATA[Request method:	POST
Request URI:	http://qa-scooter.praktikum-services.ru/api/v1/courier
Proxy:			<none>
Request params:	<none>
Query params:	<none>
Form params:	<none>
Path params:	<none>
Headers:		Accept=*/*
				Content-Type=application/json
Cookies:		<none>
Multiparts:		<none>
Body:
{
    "login": "gIonBCn",
    "password": "",
    "firstName": "aAPluca"
}
HTTP/1.1 400 Bad Request
Access-Control-Allow-Origin: *
Content-Length: 114
Content-Type: application/json; charset=utf-8
Date: Wed, 12 Oct 2022 10:29:52 GMT
ETag: W/"72-AUDx41VLe1HSztSRMybiiyHwcKY"
Set-Cookie: _yasc=Tg6au6/mauQrD+Moy8q8Z+eIwamLITijzFZEtziKCOhEWw==; domain=.praktikum-services.ru; path=/; expires=Fri, 11-Nov-2022 10:29:52 GMT; secure
X-Powered-By: Express
X-Request-Id: 1665570592822024-10057504511427799300

{
    "code": 400,
    "message": "Недостаточно данных для создания учетной записи"
}
]]></system-out>
  </testcase>
  <testcase name="createCourierTest" classname="CreateCourierTest" time="1.123">
    <system-out><![CDATA[Request method:	POST
Request URI:	http://qa-scooter.praktikum-services.ru/api/v1/courier
Proxy:			<none>
Request params:	<none>
Query params:	<none>
Form params:	<none>
Path params:	<none>
Headers:		Accept=*/*
				Content-Type=application/json
Cookies:		<none>
Multiparts:		<none>
Body:
{
    "login": "rjEJGrk",
    "password": "1207811",
    "firstName": "syLowGz"
}
HTTP/1.1 201 Created
Access-Control-Allow-Origin: *
Content-Length: 11
Content-Type: application/json; charset=utf-8
Date: Wed, 12 Oct 2022 10:29:53 GMT
ETag: W/"b-Ai2R8hgEarLmHKwesT1qcY913ys"
Set-Cookie: _yasc=Zg17jLVA6w4J/7qo3R4DnPMNP5sQY4kHoCUmUefzMYjpmA==; domain=.praktikum-services.ru; path=/; expires=Fri, 11-Nov-2022 10:29:53 GMT; secure
X-Powered-By: Express
X-Request-Id: 1665570593258399-10587153643590170568

{
    "ok": true
}
Request method:	POST
Request URI:	http://qa-scooter.praktikum-services.ru/api/v1/courier/login
Proxy:			<none>
Request params:	<none>
Query params:	<none>
Form params:	<none>
Path params:	<none>
Headers:		Accept=*/*
				Content-Type=application/json
Cookies:		<none>
Multiparts:		<none>
Body:
{
    "login": "rjEJGrk",
    "password": "1207811"
}
HTTP/1.1 200 OK
Access-Control-Allow-Origin: *
Content-Length: 13
Content-Type: application/json; charset=utf-8
Date: Wed, 12 Oct 2022 10:29:53 GMT
ETag: W/"d-wGQx+0Yp1oBxDfCu6cFR+0GQ0lo"
Set-Cookie: _yasc=UhY71PsCnFJ84DorUGR2yGnK0odG/tSSrXBM3dA5R6yOtw==; domain=.praktikum-services.ru; path=/; expires=Fri, 11-Nov-2022 10:29:53 GMT; secure
X-Powered-By: Express
X-Request-Id: 1665570593495142-905024544603645227

{
    "id": 112935
}
Request method:	DELETE
Request URI:	http://qa-scooter.praktikum-services.ru/api/v1/courier/112935
Proxy:			<none>
Request params:	<none>
Query params:	<none>
Form params:	<none>
Path params:	courierId=112935
Headers:		Accept=*/*
				Content-Type=application/json
Cookies:		<none>
Multiparts:		<none>
Body:			<none>
HTTP/1.1 200 OK
Access-Control-Allow-Origin: *
Content-Length: 11
Content-Type: application/json; charset=utf-8
Date: Wed, 12 Oct 2022 10:29:54 GMT
ETag: W/"b-Ai2R8hgEarLmHKwesT1qcY913ys"
Set-Cookie: _yasc=DedcKqvfcoteINF70FwW61TkcL1YeNv7KiPULblTeLntgQ==; domain=.praktikum-services.ru; path=/; expires=Fri, 11-Nov-2022 10:29:53 GMT; secure
X-Powered-By: Express
X-Request-Id: 1665570593931449-2905652986452003835

{
    "ok": true
}
]]></system-out>
  </testcase>
</testsuite>