<?xml version="1.0" encoding="UTF-8"?>
<testsuite xmlns:xsi="http://www.w3.org/2001/XMLSchema-instance" xsi:noNamespaceSchemaLocation="https://maven.apache.org/surefire/maven-surefire-plugin/xsd/surefire-test-report-3.0.xsd" version="3.0" name="CreateOrderTest" time="1.925" tests="4" errors="0" skipped="0" failures="4">
  <properties>
[...]
</properties>
  <testcase name="OrderParametersTest[Тестовые данные: Naruto, Uchiha, Konoha, 142 apt., 4, +7 800 355 35 35, 5, 2020-06-06, Saske, come back to Konoha, null]" classname="CreateOrderTest" time="0.489">
    <failure message="1 expectation failed.&#10;Expected status code &lt;200&gt; but was &lt;400&gt;.&#10;" type="java.lang.AssertionError"><![CDATA[java.lang.AssertionError: 
1 expectation failed.
Expected status code <200> but was <400>.

	at CreateOrderTest.teardown(CreateOrderTest.java:47)
]]></failure>
    <system-out><![CDATA[Request method:	POST
Request URI:	http://qa-scooter.praktikum-services.ru/api/v1/orders
Proxy:			<none>
Request params:	<none>
Query params:	<none>
Form params:	<none>
Path params:	<none>
Headers:		Accept=*/*
				Content-Type=application/json
Cookies:		<none>
Multiparts:		<none>
Body:
{
    "firstName": "Naruto",
    "lastName": "Uchiha",
    "address": "Konoha, 142 apt.",
    "metroStation": "4",
    "phone": "+7 800 355 35 35",
    "rentTime": 5,
    "deliveryDate": "2020-06-06",
    "comment": "Saske, come back to Konoha",
    "color": null
}
Request method:	PUT
Request URI:	http://qa-scooter.praktikum-services.ru/api/v1/orders/cancel
Proxy:			<none>
Request params:	<none>
Query params:	<none>
Form params:	<none>
Path params:	<none>
Headers:		Accept=*/*
				Content-Type=application/json
Cookies:		<none>
Multiparts:		<none>
Body:
{
    "track": 396976
}
]]></system-out>
  </testcase>
  <testcase name="OrderParametersTest[Тестовые данные: Naruto, Uchiha, Konoha, 142 apt., 4, +7 800 355 35 35, 5, 2020-06-06, Saske, come back to Konoha, [BLACK]]" classname="CreateOrderTest" time="0.455">
    <failure message="1 expectation failed.&#10;Expected status code &lt;200&gt; but was &lt;400&gt;.&#10;" type="java.lang.AssertionError"><![CDATA[java.lang.AssertionError: 
1 expectation failed.
Expected status code <200> but was <400>.

	at CreateOrderTest.teardown(CreateOrderTest.java:47)
]]></failure>
    <system-out><![CDATA[Request method:	POST
Request URI:	http://qa-scooter.praktikum-services.ru/api/v1/orders
Proxy:			<none>
Request params:	<none>
Query params:	<none>
Form params:	<none>
Path params:	<none>
Headers:		Accept=*/*
				Content-Type=application/json
Cookies:		<none>
Multiparts:		<none>
Body:
{
    "firstName": "Naruto",
    "lastName": "Uchiha",
    "address": "Konoha, 142 apt.",
    "metroStation": "4",
    "phone": "+7 800 355 35 35",
    "rentTime": 5,
    "deliveryDate": "2020-06-06",
    "comment": "Saske, come back to Konoha",
    "color": [
        "BLACK"
    ]
}
Request method:	PUT
Request URI:	http://qa-scooter.praktikum-services.ru/api/v1/orders/cancel
Proxy:			<none>
Request params:	<none>
Query params:	<none>
Form params:	<none>
Path params:	<none>
Headers:		Accept=*/*
				Content-Type=application/json
Cookies:		<none>
Multiparts:		<none>
Body:
{
    "track": 127703
}
]]></system-out>
  </testcase>
  <testcase name="OrderParametersTest[Тестовые данные: Naruto, Uchiha, Konoha, 142 apt., 4, +7 800 355 35 35, 5, 2020-06-06, Saske, come back to Konoha, [GREY]]" classname="CreateOrderTest" time="0.432">
    <failure message="1 expectation failed.&#10;Expected status code &lt;200&gt; but was &lt;400&gt;.&#10;" type="java.lang.AssertionError"><![CDATA[java.lang.AssertionError: 
1 expectation failed.
Expected status code <200> but was <400>.

	at CreateOrderTest.teardown(CreateOrderTest.java:47)
]]></failure>
    <system-out><![CDATA[Request method:	POST
Request URI:	http://qa-scooter.praktikum-services.ru/api/v1/orders
Proxy:			<none>
Request params:	<none>
Query params:	<none>
Form params:	<none>
Path params:	<none>
Headers:		Accept=*/*
				Content-Type=application/json
Cookies:		<none>
Multiparts:		<none>
Body:
{
    "firstName": "Naruto",
    "lastName": "Uchiha",
    "address": "Konoha, 142 apt.",
    "metroStation": "4",
    "phone": "+7 800 355 35 35",
    "rentTime": 5,
    "deliveryDate": "2020-06-06",
    "comment": "Saske, come back to Konoha",
    "color": [
        "GREY"
    ]
}
Request method:	PUT
Request URI:	http://qa-scooter.praktikum-services.ru/api/v1/orders/cancel
Proxy:			<none>
Request params:	<none>
Query params:	<none>
Form params:	<none>
Path params:	<none>
Headers:		Accept=*/*
				Content-Type=application/json
Cookies:		<none>
Multiparts:		<none>
Body:
{
    "track": 135182
}
]]></system-out>
  </testcase>
  <testcase name="OrderParametersTest[Тестовые данные: Naruto, Uchiha, Konoha, 142 apt., 4, +7 800 355 35 35, 5, 2020-06-06, Saske, come back to Konoha, [BLACK, GREY]]" classname="CreateOrderTest" time="0.531">
    <failure message="1 expectation failed.&#10;Expected status code &lt;200&gt; but was &lt;400&gt;.&#10;" type="java.lang.AssertionError"><![CDATA[java.lang.AssertionError: 
1 expectation failed.
Expected status code <200> but was <400>.

	at CreateOrderTest.teardown(CreateOrderTest.java:47)
]]></failure>
    <system-out><![CDATA[Request method:	POST
Request URI:	http://qa-scooter.praktikum-services.ru/api/v1/orders
Proxy:			<none>
Request params:	<none>
Query params:	<none>
Form params:	<none>
Path params:	<none>
Headers:		Accept=*/*
				Content-Type=application/json
Cookies:		<none>
Multiparts:		<none>
Body:
{
    "firstName": "Naruto",
    "lastName": "Uchiha",
    "address": "Konoha, 142 apt.",
    "metroStation": "4",
    "phone": "+7 800 355 35 35",
    "rentTime": 5,
    "deliveryDate": "2020-06-06",
    "comment": "Saske, come back to Konoha",
    "color": [
        "BLACK",
        "GREY"
    ]
}
Request method:	PUT
Request URI:	http://qa-scooter.praktikum-services.ru/api/v1/orders/cancel
Proxy:			<none>
Request params:	<none>
Query params:	<none>
Form params:	<none>
Path params:	<none>
Headers:		Accept=*/*
				Content-Type=application/json
Cookies:		<none>
Multiparts:		<none>
Body:
{
    "track": 161580
}
]]></system-out>
  </testcase>
</testsuite>